{"/Users/gregfield/dev/tickup/server/api/chat.post.ts": {"path":"/Users/gregfield/dev/tickup/server/api/chat.post.ts","statementMap":{"0":{"start":{"line":5,"column":23},"end":{"line":5,"column":null}},"1":{"start":{"line":7,"column":19},"end":{"line":7,"column":null}},"2":{"start":{"line":8,"column":19},"end":{"line":8,"column":null}},"3":{"start":{"line":10,"column":16},"end":{"line":16,"column":null}},"4":{"start":{"line":18,"column":4},"end":{"line":32,"column":null}},"5":{"start":{"line":19,"column":22},"end":{"line":19,"column":null}},"6":{"start":{"line":20,"column":34},"end":{"line":26,"column":null}},"7":{"start":{"line":28,"column":8},"end":{"line":28,"column":null}},"8":{"start":{"line":31,"column":8},"end":{"line":31,"column":null}}},"fnMap":{"0":{"name":"(anonymous_0)","decl":{"start":{"line":4,"column":34},"end":{"line":4,"column":41}},"loc":{"start":{"line":4,"column":51},"end":{"line":33,"column":1}},"line":4}},"branchMap":{"0":{"loc":{"start":{"line":7,"column":19},"end":{"line":7,"column":null}},"type":"binary-expr","locations":[{"start":{"line":7,"column":19},"end":{"line":7,"column":56}},{"start":{"line":7,"column":56},"end":{"line":7,"column":null}}],"line":7}},"s":{"0":0,"1":0,"2":0,"3":0,"4":0,"5":0,"6":0,"7":0,"8":0},"f":{"0":0},"b":{"0":[0,0]},"meta":{"lastBranch":1,"lastFunction":1,"lastStatement":9,"seen":{"f:4:34:4:41":0,"s:5:23:5:Infinity":0,"s:7:19:7:Infinity":1,"b:7:19:7:56:7:56:7:Infinity":0,"s:8:19:8:Infinity":2,"s:10:16:16:Infinity":3,"s:18:4:32:Infinity":4,"s:19:22:19:Infinity":5,"s:20:34:26:Infinity":6,"s:28:8:28:Infinity":7,"s:31:8:31:Infinity":8}}}
,"/Users/gregfield/dev/tickup/server/api/lists.get.ts": {"path":"/Users/gregfield/dev/tickup/server/api/lists.get.ts","statementMap":{"0":{"start":{"line":4,"column":4},"end":{"line":32,"column":null}},"1":{"start":{"line":5,"column":23},"end":{"line":5,"column":null}},"2":{"start":{"line":6,"column":32},"end":{"line":9,"column":null}},"3":{"start":{"line":11,"column":8},"end":{"line":16,"column":null}},"4":{"start":{"line":12,"column":12},"end":{"line":15,"column":null}},"5":{"start":{"line":19,"column":8},"end":{"line":24,"column":null}},"6":{"start":{"line":19,"column":41},"end":{"line":24,"column":10}},"7":{"start":{"line":27,"column":8},"end":{"line":27,"column":null}},"8":{"start":{"line":28,"column":8},"end":{"line":31,"column":null}}},"fnMap":{"0":{"name":"(anonymous_0)","decl":{"start":{"line":3,"column":34},"end":{"line":3,"column":41}},"loc":{"start":{"line":3,"column":51},"end":{"line":33,"column":1}},"line":3},"1":{"name":"(anonymous_1)","decl":{"start":{"line":19,"column":32},"end":{"line":19,"column":41}},"loc":{"start":{"line":19,"column":41},"end":{"line":24,"column":10}},"line":19}},"branchMap":{"0":{"loc":{"start":{"line":11,"column":8},"end":{"line":16,"column":null}},"type":"if","locations":[{"start":{"line":11,"column":8},"end":{"line":16,"column":null}},{"start":{},"end":{}}],"line":11},"1":{"loc":{"start":{"line":19,"column":16},"end":{"line":19,"column":28}},"type":"binary-expr","locations":[{"start":{"line":19,"column":16},"end":{"line":19,"column":24}},{"start":{"line":19,"column":24},"end":{"line":19,"column":28}}],"line":19}},"s":{"0":0,"1":0,"2":0,"3":0,"4":0,"5":0,"6":0,"7":0,"8":0},"f":{"0":0,"1":0},"b":{"0":[0,0],"1":[0,0]},"meta":{"lastBranch":2,"lastFunction":2,"lastStatement":9,"seen":{"f:3:34:3:41":0,"s:4:4:32:Infinity":0,"s:5:23:5:Infinity":1,"s:6:32:9:Infinity":2,"b:11:8:16:Infinity:undefined:undefined:undefined:undefined":0,"s:11:8:16:Infinity":3,"s:12:12:15:Infinity":4,"s:19:8:24:Infinity":5,"b:19:16:19:24:19:24:19:28":1,"f:19:32:19:41":1,"s:19:41:24:10":6,"s:27:8:27:Infinity":7,"s:28:8:31:Infinity":8}}}
,"/Users/gregfield/dev/tickup/server/api/metadata.ts": {"path":"/Users/gregfield/dev/tickup/server/api/metadata.ts","statementMap":{"0":{"start":{"line":5,"column":4},"end":{"line":22,"column":null}},"1":{"start":{"line":10,"column":8},"end":{"line":21,"column":null}},"2":{"start":{"line":11,"column":22},"end":{"line":11,"column":null}},"3":{"start":{"line":12,"column":26},"end":{"line":12,"column":null}},"4":{"start":{"line":14,"column":12},"end":{"line":16,"column":null}},"5":{"start":{"line":15,"column":16},"end":{"line":15,"column":null}},"6":{"start":{"line":17,"column":12},"end":{"line":17,"column":null}},"7":{"start":{"line":20,"column":12},"end":{"line":20,"column":null}},"8":{"start":{"line":26,"column":4},"end":{"line":55,"column":null}},"9":{"start":{"line":27,"column":25},"end":{"line":27,"column":null}},"10":{"start":{"line":28,"column":31},"end":{"line":28,"column":null}},"11":{"start":{"line":29,"column":8},"end":{"line":31,"column":null}},"12":{"start":{"line":30,"column":12},"end":{"line":30,"column":null}},"13":{"start":{"line":33,"column":27},"end":{"line":33,"column":null}},"14":{"start":{"line":35,"column":8},"end":{"line":37,"column":null}},"15":{"start":{"line":36,"column":12},"end":{"line":36,"column":null}},"16":{"start":{"line":39,"column":8},"end":{"line":41,"column":null}},"17":{"start":{"line":40,"column":12},"end":{"line":40,"column":null}},"18":{"start":{"line":43,"column":8},"end":{"line":48,"column":null}},"19":{"start":{"line":44,"column":26},"end":{"line":44,"column":null}},"20":{"start":{"line":45,"column":12},"end":{"line":45,"column":null}},"21":{"start":{"line":45,"column":24},"end":{"line":45,"column":null}},"22":{"start":{"line":47,"column":12},"end":{"line":47,"column":null}},"23":{"start":{"line":50,"column":8},"end":{"line":50,"column":null}},"24":{"start":{"line":53,"column":8},"end":{"line":53,"column":null}},"25":{"start":{"line":54,"column":8},"end":{"line":54,"column":null}}},"fnMap":{"0":{"name":"getTitle","decl":{"start":{"line":4,"column":15},"end":{"line":4,"column":24}},"loc":{"start":{"line":4,"column":37},"end":{"line":23,"column":null}},"line":4},"1":{"name":"(anonymous_1)","decl":{"start":{"line":9,"column":12},"end":{"line":9,"column":13}},"loc":{"start":{"line":9,"column":31},"end":{"line":22,"column":5}},"line":9},"2":{"name":"(anonymous_2)","decl":{"start":{"line":25,"column":34},"end":{"line":25,"column":41}},"loc":{"start":{"line":25,"column":88},"end":{"line":56,"column":1}},"line":25}},"branchMap":{"0":{"loc":{"start":{"line":14,"column":12},"end":{"line":16,"column":null}},"type":"if","locations":[{"start":{"line":14,"column":12},"end":{"line":16,"column":null}},{"start":{},"end":{}}],"line":14},"1":{"loc":{"start":{"line":29,"column":8},"end":{"line":31,"column":null}},"type":"if","locations":[{"start":{"line":29,"column":8},"end":{"line":31,"column":null}},{"start":{},"end":{}}],"line":29},"2":{"loc":{"start":{"line":33,"column":38},"end":{"line":33,"column":74}},"type":"cond-expr","locations":[{"start":{"line":33,"column":60},"end":{"line":33,"column":70}},{"start":{"line":33,"column":70},"end":{"line":33,"column":74}}],"line":33},"3":{"loc":{"start":{"line":35,"column":8},"end":{"line":37,"column":null}},"type":"if","locations":[{"start":{"line":35,"column":8},"end":{"line":37,"column":null}},{"start":{},"end":{}}],"line":35},"4":{"loc":{"start":{"line":39,"column":8},"end":{"line":41,"column":null}},"type":"if","locations":[{"start":{"line":39,"column":8},"end":{"line":41,"column":null}},{"start":{},"end":{}}],"line":39},"5":{"loc":{"start":{"line":45,"column":12},"end":{"line":45,"column":null}},"type":"if","locations":[{"start":{"line":45,"column":12},"end":{"line":45,"column":null}},{"start":{},"end":{}}],"line":45}},"s":{"0":0,"1":0,"2":0,"3":0,"4":0,"5":0,"6":0,"7":0,"8":0,"9":0,"10":0,"11":0,"12":0,"13":0,"14":0,"15":0,"16":0,"17":0,"18":0,"19":0,"20":0,"21":0,"22":0,"23":0,"24":0,"25":0},"f":{"0":0,"1":0,"2":0},"b":{"0":[0,0],"1":[0,0],"2":[0,0],"3":[0,0],"4":[0,0],"5":[0,0]},"meta":{"lastBranch":6,"lastFunction":3,"lastStatement":26,"seen":{"f:4:15:4:24":0,"s:5:4:22:Infinity":0,"f:9:12:9:13":1,"s:10:8:21:Infinity":1,"s:11:22:11:Infinity":2,"s:12:26:12:Infinity":3,"b:14:12:16:Infinity:undefined:undefined:undefined:undefined":0,"s:14:12:16:Infinity":4,"s:15:16:15:Infinity":5,"s:17:12:17:Infinity":6,"s:20:12:20:Infinity":7,"f:25:34:25:41":2,"s:26:4:55:Infinity":8,"s:27:25:27:Infinity":9,"s:28:31:28:Infinity":10,"b:29:8:31:Infinity:undefined:undefined:undefined:undefined":1,"s:29:8:31:Infinity":11,"s:30:12:30:Infinity":12,"s:33:27:33:Infinity":13,"b:33:60:33:70:33:70:33:74":2,"b:35:8:37:Infinity:undefined:undefined:undefined:undefined":3,"s:35:8:37:Infinity":14,"s:36:12:36:Infinity":15,"b:39:8:41:Infinity:undefined:undefined:undefined:undefined":4,"s:39:8:41:Infinity":16,"s:40:12:40:Infinity":17,"s:43:8:48:Infinity":18,"s:44:26:44:Infinity":19,"b:45:12:45:Infinity:undefined:undefined:undefined:undefined":5,"s:45:12:45:Infinity":20,"s:45:24:45:Infinity":21,"s:47:12:47:Infinity":22,"s:50:8:50:Infinity":23,"s:53:8:53:Infinity":24,"s:54:8:54:Infinity":25}}}
,"/Users/gregfield/dev/tickup/server/api/scheduleNotifications.ts": {"path":"/Users/gregfield/dev/tickup/server/api/scheduleNotifications.ts","statementMap":{"0":{"start":{"line":5,"column":4},"end":{"line":5,"column":null}},"1":{"start":{"line":8,"column":18},"end":{"line":8,"column":null}},"2":{"start":{"line":9,"column":4},"end":{"line":9,"column":null}},"3":{"start":{"line":11,"column":4},"end":{"line":11,"column":null}},"4":{"start":{"line":12,"column":4},"end":{"line":15,"column":null}},"5":{"start":{"line":13,"column":8},"end":{"line":13,"column":null}},"6":{"start":{"line":14,"column":8},"end":{"line":14,"column":null}},"7":{"start":{"line":16,"column":4},"end":{"line":16,"column":null}},"8":{"start":{"line":18,"column":19},"end":{"line":18,"column":null}},"9":{"start":{"line":19,"column":29},"end":{"line":19,"column":null}},"10":{"start":{"line":20,"column":30},"end":{"line":20,"column":null}},"11":{"start":{"line":22,"column":4},"end":{"line":25,"column":null}},"12":{"start":{"line":27,"column":4},"end":{"line":27,"column":null}},"13":{"start":{"line":29,"column":21},"end":{"line":29,"column":null}},"14":{"start":{"line":32,"column":16},"end":{"line":32,"column":null}},"15":{"start":{"line":33,"column":4},"end":{"line":33,"column":null}},"16":{"start":{"line":35,"column":47},"end":{"line":39,"column":null}},"17":{"start":{"line":41,"column":4},"end":{"line":44,"column":null}},"18":{"start":{"line":42,"column":8},"end":{"line":42,"column":null}},"19":{"start":{"line":43,"column":8},"end":{"line":43,"column":null}},"20":{"start":{"line":46,"column":4},"end":{"line":46,"column":null}},"21":{"start":{"line":48,"column":4},"end":{"line":59,"column":null}},"22":{"start":{"line":49,"column":8},"end":{"line":58,"column":null}},"23":{"start":{"line":51,"column":28},"end":{"line":57,"column":14}},"24":{"start":{"line":61,"column":15},"end":{"line":61,"column":null}},"25":{"start":{"line":62,"column":30},"end":{"line":62,"column":null}},"26":{"start":{"line":64,"column":4},"end":{"line":138,"column":null}},"27":{"start":{"line":65,"column":8},"end":{"line":65,"column":null}},"28":{"start":{"line":68,"column":49},"end":{"line":72,"column":null}},"29":{"start":{"line":74,"column":8},"end":{"line":74,"column":null}},"30":{"start":{"line":76,"column":8},"end":{"line":79,"column":null}},"31":{"start":{"line":77,"column":12},"end":{"line":77,"column":null}},"32":{"start":{"line":78,"column":12},"end":{"line":78,"column":null}},"33":{"start":{"line":81,"column":8},"end":{"line":84,"column":null}},"34":{"start":{"line":82,"column":12},"end":{"line":82,"column":null}},"35":{"start":{"line":83,"column":12},"end":{"line":83,"column":null}},"36":{"start":{"line":85,"column":8},"end":{"line":85,"column":null}},"37":{"start":{"line":87,"column":8},"end":{"line":89,"column":null}},"38":{"start":{"line":92,"column":8},"end":{"line":123,"column":null}},"39":{"start":{"line":92,"column":21},"end":{"line":92,"column":24}},"40":{"start":{"line":93,"column":24},"end":{"line":93,"column":null}},"41":{"start":{"line":94,"column":12},"end":{"line":96,"column":null}},"42":{"start":{"line":98,"column":12},"end":{"line":122,"column":null}},"43":{"start":{"line":99,"column":32},"end":{"line":102,"column":null}},"44":{"start":{"line":104,"column":16},"end":{"line":104,"column":null}},"45":{"start":{"line":105,"column":16},"end":{"line":108,"column":null}},"46":{"start":{"line":110,"column":16},"end":{"line":110,"column":null}},"47":{"start":{"line":111,"column":16},"end":{"line":111,"column":null}},"48":{"start":{"line":112,"column":16},"end":{"line":112,"column":null}},"49":{"start":{"line":115,"column":16},"end":{"line":115,"column":null}},"50":{"start":{"line":116,"column":16},"end":{"line":121,"column":null}},"51":{"start":{"line":126,"column":8},"end":{"line":126,"column":null}},"52":{"start":{"line":127,"column":39},"end":{"line":130,"column":null}},"53":{"start":{"line":132,"column":8},"end":{"line":137,"column":null}},"54":{"start":{"line":133,"column":12},"end":{"line":133,"column":null}},"55":{"start":{"line":136,"column":12},"end":{"line":136,"column":null}},"56":{"start":{"line":139,"column":4},"end":{"line":139,"column":null}},"57":{"start":{"line":140,"column":4},"end":{"line":142,"column":null}},"58":{"start":{"line":143,"column":4},"end":{"line":143,"column":null}}},"fnMap":{"0":{"name":"(anonymous_0)","decl":{"start":{"line":4,"column":34},"end":{"line":4,"column":41}},"loc":{"start":{"line":4,"column":51},"end":{"line":144,"column":1}},"line":4},"1":{"name":"(anonymous_1)","decl":{"start":{"line":51,"column":22},"end":{"line":51,"column":28}},"loc":{"start":{"line":51,"column":28},"end":{"line":57,"column":14}},"line":51}},"branchMap":{"0":{"loc":{"start":{"line":12,"column":4},"end":{"line":15,"column":null}},"type":"if","locations":[{"start":{"line":12,"column":4},"end":{"line":15,"column":null}},{"start":{},"end":{}}],"line":12},"1":{"loc":{"start":{"line":23,"column":19},"end":{"line":23,"column":null}},"type":"cond-expr","locations":[{"start":{"line":23,"column":38},"end":{"line":23,"column":48}},{"start":{"line":23,"column":48},"end":{"line":23,"column":null}}],"line":23},"2":{"loc":{"start":{"line":24,"column":20},"end":{"line":24,"column":null}},"type":"cond-expr","locations":[{"start":{"line":24,"column":40},"end":{"line":24,"column":50}},{"start":{"line":24,"column":50},"end":{"line":24,"column":null}}],"line":24},"3":{"loc":{"start":{"line":41,"column":4},"end":{"line":44,"column":null}},"type":"if","locations":[{"start":{"line":41,"column":4},"end":{"line":44,"column":null}},{"start":{},"end":{}}],"line":41},"4":{"loc":{"start":{"line":46,"column":28},"end":{"line":46,"column":46}},"type":"binary-expr","locations":[{"start":{"line":46,"column":28},"end":{"line":46,"column":45}},{"start":{"line":46,"column":45},"end":{"line":46,"column":46}}],"line":46},"5":{"loc":{"start":{"line":48,"column":4},"end":{"line":59,"column":null}},"type":"if","locations":[{"start":{"line":48,"column":4},"end":{"line":59,"column":null}},{"start":{},"end":{}}],"line":48},"6":{"loc":{"start":{"line":48,"column":8},"end":{"line":48,"column":35}},"type":"binary-expr","locations":[{"start":{"line":48,"column":8},"end":{"line":48,"column":17}},{"start":{"line":48,"column":17},"end":{"line":48,"column":35}}],"line":48},"7":{"loc":{"start":{"line":64,"column":23},"end":{"line":64,"column":36}},"type":"binary-expr","locations":[{"start":{"line":64,"column":23},"end":{"line":64,"column":32}},{"start":{"line":64,"column":32},"end":{"line":64,"column":36}}],"line":64},"8":{"loc":{"start":{"line":74,"column":59},"end":{"line":74,"column":91}},"type":"cond-expr","locations":[{"start":{"line":74,"column":66},"end":{"line":74,"column":78}},{"start":{"line":74,"column":78},"end":{"line":74,"column":91}}],"line":74},"9":{"loc":{"start":{"line":76,"column":8},"end":{"line":79,"column":null}},"type":"if","locations":[{"start":{"line":76,"column":8},"end":{"line":79,"column":null}},{"start":{},"end":{}}],"line":76},"10":{"loc":{"start":{"line":76,"column":12},"end":{"line":76,"column":32}},"type":"binary-expr","locations":[{"start":{"line":76,"column":12},"end":{"line":76,"column":25}},{"start":{"line":76,"column":25},"end":{"line":76,"column":32}}],"line":76},"11":{"loc":{"start":{"line":81,"column":8},"end":{"line":84,"column":null}},"type":"if","locations":[{"start":{"line":81,"column":8},"end":{"line":84,"column":null}},{"start":{},"end":{}}],"line":81},"12":{"loc":{"start":{"line":81,"column":12},"end":{"line":81,"column":78}},"type":"binary-expr","locations":[{"start":{"line":81,"column":12},"end":{"line":81,"column":40}},{"start":{"line":81,"column":40},"end":{"line":81,"column":78}}],"line":81},"13":{"loc":{"start":{"line":107,"column":20},"end":{"line":107,"column":null}},"type":"cond-expr","locations":[{"start":{"line":107,"column":35},"end":{"line":107,"column":49}},{"start":{"line":107,"column":49},"end":{"line":107,"column":null}}],"line":107},"14":{"loc":{"start":{"line":117,"column":29},"end":{"line":117,"column":null}},"type":"binary-expr","locations":[{"start":{"line":117,"column":29},"end":{"line":117,"column":43}},{"start":{"line":117,"column":43},"end":{"line":117,"column":null}}],"line":117},"15":{"loc":{"start":{"line":132,"column":8},"end":{"line":137,"column":null}},"type":"if","locations":[{"start":{"line":132,"column":8},"end":{"line":137,"column":null}},{"start":{"line":135,"column":13},"end":{"line":137,"column":null}}],"line":132},"16":{"loc":{"start":{"line":141,"column":59},"end":{"line":141,"column":77}},"type":"binary-expr","locations":[{"start":{"line":141,"column":59},"end":{"line":141,"column":76}},{"start":{"line":141,"column":76},"end":{"line":141,"column":77}}],"line":141},"17":{"loc":{"start":{"line":143,"column":28},"end":{"line":143,"column":48}},"type":"binary-expr","locations":[{"start":{"line":143,"column":28},"end":{"line":143,"column":45}},{"start":{"line":143,"column":45},"end":{"line":143,"column":48}}],"line":143}},"s":{"0":0,"1":0,"2":0,"3":0,"4":0,"5":0,"6":0,"7":0,"8":0,"9":0,"10":0,"11":0,"12":0,"13":0,"14":0,"15":0,"16":0,"17":0,"18":0,"19":0,"20":0,"21":0,"22":0,"23":0,"24":0,"25":0,"26":0,"27":0,"28":0,"29":0,"30":0,"31":0,"32":0,"33":0,"34":0,"35":0,"36":0,"37":0,"38":0,"39":0,"40":0,"41":0,"42":0,"43":0,"44":0,"45":0,"46":0,"47":0,"48":0,"49":0,"50":0,"51":0,"52":0,"53":0,"54":0,"55":0,"56":0,"57":0,"58":0},"f":{"0":0,"1":0},"b":{"0":[0,0],"1":[0,0],"2":[0,0],"3":[0,0],"4":[0,0],"5":[0,0],"6":[0,0],"7":[0,0],"8":[0,0],"9":[0,0],"10":[0,0],"11":[0,0],"12":[0,0],"13":[0,0],"14":[0,0],"15":[0,0],"16":[0,0],"17":[0,0]},"meta":{"lastBranch":18,"lastFunction":2,"lastStatement":59,"seen":{"f:4:34:4:41":0,"s:5:4:5:Infinity":0,"s:8:18:8:Infinity":1,"s:9:4:9:Infinity":2,"s:11:4:11:Infinity":3,"b:12:4:15:Infinity:undefined:undefined:undefined:undefined":0,"s:12:4:15:Infinity":4,"s:13:8:13:Infinity":5,"s:14:8:14:Infinity":6,"s:16:4:16:Infinity":7,"s:18:19:18:Infinity":8,"s:19:29:19:Infinity":9,"s:20:30:20:Infinity":10,"s:22:4:25:Infinity":11,"b:23:38:23:48:23:48:23:Infinity":1,"b:24:40:24:50:24:50:24:Infinity":2,"s:27:4:27:Infinity":12,"s:29:21:29:Infinity":13,"s:32:16:32:Infinity":14,"s:33:4:33:Infinity":15,"s:35:47:39:Infinity":16,"b:41:4:44:Infinity:undefined:undefined:undefined:undefined":3,"s:41:4:44:Infinity":17,"s:42:8:42:Infinity":18,"s:43:8:43:Infinity":19,"s:46:4:46:Infinity":20,"b:46:28:46:45:46:45:46:46":4,"b:48:4:59:Infinity:undefined:undefined:undefined:undefined":5,"s:48:4:59:Infinity":21,"b:48:8:48:17:48:17:48:35":6,"s:49:8:58:Infinity":22,"f:51:22:51:28":1,"s:51:28:57:14":23,"s:61:15:61:Infinity":24,"s:62:30:62:Infinity":25,"s:64:4:138:Infinity":26,"b:64:23:64:32:64:32:64:36":7,"s:65:8:65:Infinity":27,"s:68:49:72:Infinity":28,"s:74:8:74:Infinity":29,"b:74:66:74:78:74:78:74:91":8,"b:76:8:79:Infinity:undefined:undefined:undefined:undefined":9,"s:76:8:79:Infinity":30,"b:76:12:76:25:76:25:76:32":10,"s:77:12:77:Infinity":31,"s:78:12:78:Infinity":32,"b:81:8:84:Infinity:undefined:undefined:undefined:undefined":11,"s:81:8:84:Infinity":33,"b:81:12:81:40:81:40:81:78":12,"s:82:12:82:Infinity":34,"s:83:12:83:Infinity":35,"s:85:8:85:Infinity":36,"s:87:8:89:Infinity":37,"s:92:8:123:Infinity":38,"s:92:21:92:24":39,"s:93:24:93:Infinity":40,"s:94:12:96:Infinity":41,"s:98:12:122:Infinity":42,"s:99:32:102:Infinity":43,"s:104:16:104:Infinity":44,"s:105:16:108:Infinity":45,"b:107:35:107:49:107:49:107:Infinity":13,"s:110:16:110:Infinity":46,"s:111:16:111:Infinity":47,"s:112:16:112:Infinity":48,"s:115:16:115:Infinity":49,"s:116:16:121:Infinity":50,"b:117:29:117:43:117:43:117:Infinity":14,"s:126:8:126:Infinity":51,"s:127:39:130:Infinity":52,"b:132:8:137:Infinity:135:13:137:Infinity":15,"s:132:8:137:Infinity":53,"s:133:12:133:Infinity":54,"s:136:12:136:Infinity":55,"s:139:4:139:Infinity":56,"s:140:4:142:Infinity":57,"b:141:59:141:76:141:76:141:77":16,"s:143:4:143:Infinity":58,"b:143:28:143:45:143:45:143:48":17}}}
,"/Users/gregfield/dev/tickup/server/api/subscribe.ts": {"path":"/Users/gregfield/dev/tickup/server/api/subscribe.ts","statementMap":{"0":{"start":{"line":7,"column":17},"end":{"line":7,"column":null}},"1":{"start":{"line":8,"column":25},"end":{"line":8,"column":null}},"2":{"start":{"line":9,"column":21},"end":{"line":9,"column":null}},"3":{"start":{"line":10,"column":33},"end":{"line":10,"column":null}},"4":{"start":{"line":11,"column":19},"end":{"line":11,"column":null}},"5":{"start":{"line":12,"column":28},"end":{"line":12,"column":null}},"6":{"start":{"line":14,"column":4},"end":{"line":16,"column":null}},"7":{"start":{"line":15,"column":8},"end":{"line":15,"column":null}},"8":{"start":{"line":18,"column":4},"end":{"line":22,"column":null}},"9":{"start":{"line":21,"column":8},"end":{"line":21,"column":null}},"10":{"start":{"line":24,"column":4},"end":{"line":28,"column":null}},"11":{"start":{"line":27,"column":8},"end":{"line":27,"column":null}},"12":{"start":{"line":30,"column":4},"end":{"line":34,"column":null}},"13":{"start":{"line":36,"column":4},"end":{"line":63,"column":null}},"14":{"start":{"line":37,"column":8},"end":{"line":56,"column":null}},"15":{"start":{"line":38,"column":28},"end":{"line":38,"column":null}},"16":{"start":{"line":40,"column":18},"end":{"line":40,"column":null}},"17":{"start":{"line":41,"column":12},"end":{"line":46,"column":null}},"18":{"start":{"line":43,"column":16},"end":{"line":43,"column":null}},"19":{"start":{"line":44,"column":16},"end":{"line":44,"column":null}},"20":{"start":{"line":45,"column":16},"end":{"line":45,"column":null}},"21":{"start":{"line":47,"column":12},"end":{"line":53,"column":null}},"22":{"start":{"line":55,"column":12},"end":{"line":55,"column":null}},"23":{"start":{"line":58,"column":8},"end":{"line":58,"column":null}},"24":{"start":{"line":61,"column":8},"end":{"line":61,"column":null}},"25":{"start":{"line":62,"column":8},"end":{"line":62,"column":null}}},"fnMap":{"0":{"name":"(anonymous_0)","decl":{"start":{"line":6,"column":34},"end":{"line":6,"column":41}},"loc":{"start":{"line":6,"column":51},"end":{"line":64,"column":1}},"line":6}},"branchMap":{"0":{"loc":{"start":{"line":14,"column":4},"end":{"line":16,"column":null}},"type":"if","locations":[{"start":{"line":14,"column":4},"end":{"line":16,"column":null}},{"start":{},"end":{}}],"line":14},"1":{"loc":{"start":{"line":18,"column":4},"end":{"line":22,"column":null}},"type":"if","locations":[{"start":{"line":18,"column":4},"end":{"line":22,"column":null}},{"start":{},"end":{}}],"line":18},"2":{"loc":{"start":{"line":18,"column":8},"end":{"line":18,"column":34}},"type":"binary-expr","locations":[{"start":{"line":18,"column":8},"end":{"line":18,"column":20}},{"start":{"line":18,"column":20},"end":{"line":18,"column":34}}],"line":18},"3":{"loc":{"start":{"line":24,"column":4},"end":{"line":28,"column":null}},"type":"if","locations":[{"start":{"line":24,"column":4},"end":{"line":28,"column":null}},{"start":{},"end":{}}],"line":24},"4":{"loc":{"start":{"line":24,"column":8},"end":{"line":24,"column":40}},"type":"binary-expr","locations":[{"start":{"line":24,"column":8},"end":{"line":24,"column":18}},{"start":{"line":24,"column":18},"end":{"line":24,"column":40}}],"line":24},"5":{"loc":{"start":{"line":32,"column":8},"end":{"line":32,"column":null}},"type":"binary-expr","locations":[{"start":{"line":32,"column":8},"end":{"line":32,"column":40}},{"start":{"line":32,"column":40},"end":{"line":32,"column":null}}],"line":32},"6":{"loc":{"start":{"line":37,"column":8},"end":{"line":56,"column":null}},"type":"if","locations":[{"start":{"line":37,"column":8},"end":{"line":56,"column":null}},{"start":{},"end":{}}],"line":37},"7":{"loc":{"start":{"line":41,"column":12},"end":{"line":46,"column":null}},"type":"if","locations":[{"start":{"line":41,"column":12},"end":{"line":46,"column":null}},{"start":{},"end":{}}],"line":41}},"s":{"0":0,"1":0,"2":0,"3":0,"4":0,"5":0,"6":0,"7":0,"8":0,"9":0,"10":0,"11":0,"12":0,"13":0,"14":0,"15":0,"16":0,"17":0,"18":0,"19":0,"20":0,"21":0,"22":0,"23":0,"24":0,"25":0},"f":{"0":0},"b":{"0":[0,0],"1":[0,0],"2":[0,0],"3":[0,0],"4":[0,0],"5":[0,0],"6":[0,0],"7":[0,0]},"meta":{"lastBranch":8,"lastFunction":1,"lastStatement":26,"seen":{"f:6:34:6:41":0,"s:7:17:7:Infinity":0,"s:8:25:8:Infinity":1,"s:9:21:9:Infinity":2,"s:10:33:10:Infinity":3,"s:11:19:11:Infinity":4,"s:12:28:12:Infinity":5,"b:14:4:16:Infinity:undefined:undefined:undefined:undefined":0,"s:14:4:16:Infinity":6,"s:15:8:15:Infinity":7,"b:18:4:22:Infinity:undefined:undefined:undefined:undefined":1,"s:18:4:22:Infinity":8,"b:18:8:18:20:18:20:18:34":2,"s:21:8:21:Infinity":9,"b:24:4:28:Infinity:undefined:undefined:undefined:undefined":3,"s:24:4:28:Infinity":10,"b:24:8:24:18:24:18:24:40":4,"s:27:8:27:Infinity":11,"s:30:4:34:Infinity":12,"b:32:8:32:40:32:40:32:Infinity":5,"s:36:4:63:Infinity":13,"b:37:8:56:Infinity:undefined:undefined:undefined:undefined":6,"s:37:8:56:Infinity":14,"s:38:28:38:Infinity":15,"s:40:18:40:Infinity":16,"b:41:12:46:Infinity:undefined:undefined:undefined:undefined":7,"s:41:12:46:Infinity":17,"s:43:16:43:Infinity":18,"s:44:16:44:Infinity":19,"s:45:16:45:Infinity":20,"s:47:12:53:Infinity":21,"s:55:12:55:Infinity":22,"s:58:8:58:Infinity":23,"s:61:8:61:Infinity":24,"s:62:8:62:Infinity":25}}}
,"/Users/gregfield/dev/tickup/server/api/todos.ts": {"path":"/Users/gregfield/dev/tickup/server/api/todos.ts","statementMap":{"0":{"start":{"line":4,"column":4},"end":{"line":100,"column":null}},"1":{"start":{"line":5,"column":22},"end":{"line":5,"column":null}},"2":{"start":{"line":6,"column":25},"end":{"line":6,"column":null}},"3":{"start":{"line":8,"column":8},"end":{"line":39,"column":null}},"4":{"start":{"line":9,"column":26},"end":{"line":9,"column":null}},"5":{"start":{"line":10,"column":12},"end":{"line":10,"column":null}},"6":{"start":{"line":11,"column":24},"end":{"line":11,"column":null}},"7":{"start":{"line":12,"column":12},"end":{"line":12,"column":null}},"8":{"start":{"line":14,"column":36},"end":{"line":18,"column":null}},"9":{"start":{"line":20,"column":12},"end":{"line":23,"column":null}},"10":{"start":{"line":21,"column":16},"end":{"line":21,"column":null}},"11":{"start":{"line":22,"column":16},"end":{"line":22,"column":null}},"12":{"start":{"line":26,"column":12},"end":{"line":38,"column":null}},"13":{"start":{"line":26,"column":45},"end":{"line":38,"column":14}},"14":{"start":{"line":41,"column":8},"end":{"line":70,"column":null}},"15":{"start":{"line":42,"column":26},"end":{"line":42,"column":null}},"16":{"start":{"line":43,"column":12},"end":{"line":43,"column":null}},"17":{"start":{"line":45,"column":36},"end":{"line":50,"column":null}},"18":{"start":{"line":52,"column":12},"end":{"line":55,"column":null}},"19":{"start":{"line":53,"column":16},"end":{"line":53,"column":null}},"20":{"start":{"line":54,"column":16},"end":{"line":54,"column":null}},"21":{"start":{"line":58,"column":12},"end":{"line":69,"column":null}},"22":{"start":{"line":58,"column":45},"end":{"line":69,"column":14}},"23":{"start":{"line":72,"column":32},"end":{"line":76,"column":null}},"24":{"start":{"line":78,"column":8},"end":{"line":81,"column":null}},"25":{"start":{"line":79,"column":12},"end":{"line":79,"column":null}},"26":{"start":{"line":80,"column":12},"end":{"line":80,"column":null}},"27":{"start":{"line":84,"column":8},"end":{"line":95,"column":null}},"28":{"start":{"line":84,"column":41},"end":{"line":95,"column":10}},"29":{"start":{"line":98,"column":8},"end":{"line":98,"column":null}},"30":{"start":{"line":99,"column":8},"end":{"line":99,"column":null}}},"fnMap":{"0":{"name":"(anonymous_0)","decl":{"start":{"line":3,"column":34},"end":{"line":3,"column":41}},"loc":{"start":{"line":3,"column":51},"end":{"line":101,"column":1}},"line":3},"1":{"name":"(anonymous_1)","decl":{"start":{"line":26,"column":36},"end":{"line":26,"column":45}},"loc":{"start":{"line":26,"column":45},"end":{"line":38,"column":14}},"line":26},"2":{"name":"(anonymous_2)","decl":{"start":{"line":58,"column":36},"end":{"line":58,"column":45}},"loc":{"start":{"line":58,"column":45},"end":{"line":69,"column":14}},"line":58},"3":{"name":"(anonymous_3)","decl":{"start":{"line":84,"column":32},"end":{"line":84,"column":41}},"loc":{"start":{"line":84,"column":41},"end":{"line":95,"column":10}},"line":84}},"branchMap":{"0":{"loc":{"start":{"line":8,"column":8},"end":{"line":39,"column":null}},"type":"if","locations":[{"start":{"line":8,"column":8},"end":{"line":39,"column":null}},{"start":{},"end":{}}],"line":8},"1":{"loc":{"start":{"line":20,"column":12},"end":{"line":23,"column":null}},"type":"if","locations":[{"start":{"line":20,"column":12},"end":{"line":23,"column":null}},{"start":{},"end":{}}],"line":20},"2":{"loc":{"start":{"line":26,"column":20},"end":{"line":26,"column":32}},"type":"binary-expr","locations":[{"start":{"line":26,"column":20},"end":{"line":26,"column":28}},{"start":{"line":26,"column":28},"end":{"line":26,"column":32}}],"line":26},"3":{"loc":{"start":{"line":41,"column":8},"end":{"line":70,"column":null}},"type":"if","locations":[{"start":{"line":41,"column":8},"end":{"line":70,"column":null}},{"start":{},"end":{}}],"line":41},"4":{"loc":{"start":{"line":52,"column":12},"end":{"line":55,"column":null}},"type":"if","locations":[{"start":{"line":52,"column":12},"end":{"line":55,"column":null}},{"start":{},"end":{}}],"line":52},"5":{"loc":{"start":{"line":58,"column":20},"end":{"line":58,"column":32}},"type":"binary-expr","locations":[{"start":{"line":58,"column":20},"end":{"line":58,"column":28}},{"start":{"line":58,"column":28},"end":{"line":58,"column":32}}],"line":58},"6":{"loc":{"start":{"line":78,"column":8},"end":{"line":81,"column":null}},"type":"if","locations":[{"start":{"line":78,"column":8},"end":{"line":81,"column":null}},{"start":{},"end":{}}],"line":78},"7":{"loc":{"start":{"line":84,"column":16},"end":{"line":84,"column":28}},"type":"binary-expr","locations":[{"start":{"line":84,"column":16},"end":{"line":84,"column":24}},{"start":{"line":84,"column":24},"end":{"line":84,"column":28}}],"line":84}},"s":{"0":0,"1":0,"2":0,"3":0,"4":0,"5":0,"6":0,"7":0,"8":0,"9":0,"10":0,"11":0,"12":0,"13":0,"14":0,"15":0,"16":0,"17":0,"18":0,"19":0,"20":0,"21":0,"22":0,"23":0,"24":0,"25":0,"26":0,"27":0,"28":0,"29":0,"30":0},"f":{"0":0,"1":0,"2":0,"3":0},"b":{"0":[0,0],"1":[0,0],"2":[0,0],"3":[0,0],"4":[0,0],"5":[0,0],"6":[0,0],"7":[0,0]},"meta":{"lastBranch":8,"lastFunction":4,"lastStatement":31,"seen":{"f:3:34:3:41":0,"s:4:4:100:Infinity":0,"s:5:22:5:Infinity":1,"s:6:25:6:Infinity":2,"b:8:8:39:Infinity:undefined:undefined:undefined:undefined":0,"s:8:8:39:Infinity":3,"s:9:26:9:Infinity":4,"s:10:12:10:Infinity":5,"s:11:24:11:Infinity":6,"s:12:12:12:Infinity":7,"s:14:36:18:Infinity":8,"b:20:12:23:Infinity:undefined:undefined:undefined:undefined":1,"s:20:12:23:Infinity":9,"s:21:16:21:Infinity":10,"s:22:16:22:Infinity":11,"s:26:12:38:Infinity":12,"b:26:20:26:28:26:28:26:32":2,"f:26:36:26:45":1,"s:26:45:38:14":13,"b:41:8:70:Infinity:undefined:undefined:undefined:undefined":3,"s:41:8:70:Infinity":14,"s:42:26:42:Infinity":15,"s:43:12:43:Infinity":16,"s:45:36:50:Infinity":17,"b:52:12:55:Infinity:undefined:undefined:undefined:undefined":4,"s:52:12:55:Infinity":18,"s:53:16:53:Infinity":19,"s:54:16:54:Infinity":20,"s:58:12:69:Infinity":21,"b:58:20:58:28:58:28:58:32":5,"f:58:36:58:45":2,"s:58:45:69:14":22,"s:72:32:76:Infinity":23,"b:78:8:81:Infinity:undefined:undefined:undefined:undefined":6,"s:78:8:81:Infinity":24,"s:79:12:79:Infinity":25,"s:80:12:80:Infinity":26,"s:84:8:95:Infinity":27,"b:84:16:84:24:84:24:84:28":7,"f:84:32:84:41":3,"s:84:41:95:10":28,"s:98:8:98:Infinity":29,"s:99:8:99:Infinity":30}}}
,"/Users/gregfield/dev/tickup/server/api/attachment/[id].get.ts": {"path":"/Users/gregfield/dev/tickup/server/api/attachment/[id].get.ts","statementMap":{"0":{"start":{"line":4,"column":4},"end":{"line":36,"column":null}},"1":{"start":{"line":5,"column":29},"end":{"line":5,"column":null}},"2":{"start":{"line":7,"column":8},"end":{"line":12,"column":null}},"3":{"start":{"line":8,"column":12},"end":{"line":11,"column":null}},"4":{"start":{"line":31,"column":8},"end":{"line":31,"column":null}},"5":{"start":{"line":32,"column":8},"end":{"line":35,"column":null}}},"fnMap":{"0":{"name":"(anonymous_0)","decl":{"start":{"line":3,"column":34},"end":{"line":3,"column":41}},"loc":{"start":{"line":3,"column":51},"end":{"line":37,"column":1}},"line":3}},"branchMap":{"0":{"loc":{"start":{"line":7,"column":8},"end":{"line":12,"column":null}},"type":"if","locations":[{"start":{"line":7,"column":8},"end":{"line":12,"column":null}},{"start":{},"end":{}}],"line":7}},"s":{"0":0,"1":0,"2":0,"3":0,"4":0,"5":0},"f":{"0":0},"b":{"0":[0,0]},"meta":{"lastBranch":1,"lastFunction":1,"lastStatement":6,"seen":{"f:3:34:3:41":0,"s:4:4:36:Infinity":0,"s:5:29:5:Infinity":1,"b:7:8:12:Infinity:undefined:undefined:undefined:undefined":0,"s:7:8:12:Infinity":2,"s:8:12:11:Infinity":3,"s:31:8:31:Infinity":4,"s:32:8:35:Infinity":5}}}
,"/Users/gregfield/dev/tickup/server/api/aws/image.ts": {"path":"/Users/gregfield/dev/tickup/server/api/aws/image.ts","statementMap":{"0":{"start":{"line":4,"column":4},"end":{"line":39,"column":null}},"1":{"start":{"line":5,"column":21},"end":{"line":5,"column":null}},"2":{"start":{"line":6,"column":23},"end":{"line":6,"column":null}},"3":{"start":{"line":7,"column":23},"end":{"line":9,"column":null}},"4":{"start":{"line":11,"column":24},"end":{"line":26,"column":null}},"5":{"start":{"line":28,"column":25},"end":{"line":28,"column":null}},"6":{"start":{"line":29,"column":29},"end":{"line":29,"column":null}},"7":{"start":{"line":30,"column":28},"end":{"line":30,"column":null}},"8":{"start":{"line":31,"column":8},"end":{"line":31,"column":null}},"9":{"start":{"line":34,"column":8},"end":{"line":34,"column":null}},"10":{"start":{"line":35,"column":8},"end":{"line":38,"column":null}}},"fnMap":{"0":{"name":"(anonymous_0)","decl":{"start":{"line":3,"column":34},"end":{"line":3,"column":41}},"loc":{"start":{"line":3,"column":51},"end":{"line":40,"column":1}},"line":3}},"branchMap":{},"s":{"0":0,"1":0,"2":0,"3":0,"4":0,"5":0,"6":0,"7":0,"8":0,"9":0,"10":0},"f":{"0":0},"b":{},"meta":{"lastBranch":0,"lastFunction":1,"lastStatement":11,"seen":{"f:3:34:3:41":0,"s:4:4:39:Infinity":0,"s:5:21:5:Infinity":1,"s:6:23:6:Infinity":2,"s:7:23:9:Infinity":3,"s:11:24:26:Infinity":4,"s:28:25:28:Infinity":5,"s:29:29:29:Infinity":6,"s:30:28:30:Infinity":7,"s:31:8:31:Infinity":8,"s:34:8:34:Infinity":9,"s:35:8:38:Infinity":10}}}
,"/Users/gregfield/dev/tickup/server/api/github/branch.get.ts": {"path":"/Users/gregfield/dev/tickup/server/api/github/branch.get.ts","statementMap":{"0":{"start":{"line":7,"column":21},"end":{"line":7,"column":null}},"1":{"start":{"line":8,"column":31},"end":{"line":11,"column":null}},"2":{"start":{"line":13,"column":4},"end":{"line":15,"column":null}},"3":{"start":{"line":14,"column":8},"end":{"line":14,"column":null}},"4":{"start":{"line":17,"column":19},"end":{"line":17,"column":null}},"5":{"start":{"line":19,"column":16},"end":{"line":22,"column":null}},"6":{"start":{"line":23,"column":20},"end":{"line":23,"column":null}},"7":{"start":{"line":24,"column":4},"end":{"line":56,"column":null}},"8":{"start":{"line":25,"column":40},"end":{"line":25,"column":null}},"9":{"start":{"line":26,"column":8},"end":{"line":30,"column":null}},"10":{"start":{"line":33,"column":32},"end":{"line":36,"column":null}},"11":{"start":{"line":34,"column":12},"end":{"line":34,"column":null}},"12":{"start":{"line":34,"column":38},"end":{"line":34,"column":null}},"13":{"start":{"line":35,"column":12},"end":{"line":35,"column":null}},"14":{"start":{"line":38,"column":26},"end":{"line":38,"column":null}},"15":{"start":{"line":39,"column":25},"end":{"line":39,"column":null}},"16":{"start":{"line":40,"column":27},"end":{"line":40,"column":null}},"17":{"start":{"line":42,"column":25},"end":{"line":46,"column":null}},"18":{"start":{"line":48,"column":8},"end":{"line":48,"column":null}},"19":{"start":{"line":51,"column":8},"end":{"line":51,"column":null}},"20":{"start":{"line":52,"column":8},"end":{"line":55,"column":null}}},"fnMap":{"0":{"name":"(anonymous_0)","decl":{"start":{"line":6,"column":34},"end":{"line":6,"column":41}},"loc":{"start":{"line":6,"column":51},"end":{"line":57,"column":1}},"line":6},"1":{"name":"(anonymous_1)","decl":{"start":{"line":33,"column":32},"end":{"line":33,"column":33}},"loc":{"start":{"line":33,"column":60},"end":{"line":36,"column":null}},"line":33}},"branchMap":{"0":{"loc":{"start":{"line":13,"column":4},"end":{"line":15,"column":null}},"type":"if","locations":[{"start":{"line":13,"column":4},"end":{"line":15,"column":null}},{"start":{},"end":{}}],"line":13},"1":{"loc":{"start":{"line":34,"column":12},"end":{"line":34,"column":null}},"type":"if","locations":[{"start":{"line":34,"column":12},"end":{"line":34,"column":null}},{"start":{},"end":{}}],"line":34},"2":{"loc":{"start":{"line":35,"column":26},"end":{"line":35,"column":37}},"type":"binary-expr","locations":[{"start":{"line":35,"column":26},"end":{"line":35,"column":35}},{"start":{"line":35,"column":35},"end":{"line":35,"column":37}}],"line":35},"3":{"loc":{"start":{"line":53,"column":24},"end":{"line":53,"column":null}},"type":"binary-expr","locations":[{"start":{"line":53,"column":24},"end":{"line":53,"column":40}},{"start":{"line":53,"column":40},"end":{"line":53,"column":null}}],"line":53},"4":{"loc":{"start":{"line":54,"column":21},"end":{"line":54,"column":null}},"type":"binary-expr","locations":[{"start":{"line":54,"column":21},"end":{"line":54,"column":38}},{"start":{"line":54,"column":38},"end":{"line":54,"column":null}}],"line":54}},"s":{"0":0,"1":0,"2":0,"3":0,"4":0,"5":0,"6":0,"7":0,"8":0,"9":0,"10":0,"11":0,"12":0,"13":0,"14":0,"15":0,"16":0,"17":0,"18":0,"19":0,"20":0},"f":{"0":0,"1":0},"b":{"0":[0,0],"1":[0,0],"2":[0,0],"3":[0,0],"4":[0,0]},"meta":{"lastBranch":5,"lastFunction":2,"lastStatement":21,"seen":{"f:6:34:6:41":0,"s:7:21:7:Infinity":0,"s:8:31:11:Infinity":1,"b:13:4:15:Infinity:undefined:undefined:undefined:undefined":0,"s:13:4:15:Infinity":2,"s:14:8:14:Infinity":3,"s:17:19:17:Infinity":4,"s:19:16:22:Infinity":5,"s:23:20:23:Infinity":6,"s:24:4:56:Infinity":7,"s:25:40:25:Infinity":8,"s:26:8:30:Infinity":9,"s:33:32:36:Infinity":10,"f:33:32:33:33":1,"b:34:12:34:Infinity:undefined:undefined:undefined:undefined":1,"s:34:12:34:Infinity":11,"s:34:38:34:Infinity":12,"s:35:12:35:Infinity":13,"b:35:26:35:35:35:35:35:37":2,"s:38:26:38:Infinity":14,"s:39:25:39:Infinity":15,"s:40:27:40:Infinity":16,"s:42:25:46:Infinity":17,"s:48:8:48:Infinity":18,"s:51:8:51:Infinity":19,"s:52:8:55:Infinity":20,"b:53:24:53:40:53:40:53:Infinity":3,"b:54:21:54:38:54:38:54:Infinity":4}}}
,"/Users/gregfield/dev/tickup/server/api/github/branch.post.ts": {"path":"/Users/gregfield/dev/tickup/server/api/github/branch.post.ts","statementMap":{"0":{"start":{"line":5,"column":20},"end":{"line":5,"column":null}},"1":{"start":{"line":7,"column":17},"end":{"line":7,"column":null}},"2":{"start":{"line":8,"column":23},"end":{"line":8,"column":null}},"3":{"start":{"line":9,"column":17},"end":{"line":9,"column":null}},"4":{"start":{"line":14,"column":18},"end":{"line":14,"column":null}},"5":{"start":{"line":15,"column":14},"end":{"line":15,"column":null}},"6":{"start":{"line":16,"column":4},"end":{"line":16,"column":null}},"7":{"start":{"line":18,"column":4},"end":{"line":20,"column":null}},"8":{"start":{"line":19,"column":8},"end":{"line":19,"column":null}},"9":{"start":{"line":22,"column":4},"end":{"line":111,"column":null}},"10":{"start":{"line":23,"column":20},"end":{"line":23,"column":null}},"11":{"start":{"line":27,"column":8},"end":{"line":36,"column":null}},"12":{"start":{"line":28,"column":12},"end":{"line":28,"column":null}},"13":{"start":{"line":31,"column":12},"end":{"line":31,"column":null}},"14":{"start":{"line":32,"column":12},"end":{"line":35,"column":null}},"15":{"start":{"line":39,"column":8},"end":{"line":62,"column":null}},"16":{"start":{"line":40,"column":35},"end":{"line":44,"column":null}},"17":{"start":{"line":46,"column":12},"end":{"line":54,"column":null}},"18":{"start":{"line":47,"column":16},"end":{"line":47,"column":null}},"19":{"start":{"line":48,"column":16},"end":{"line":53,"column":null}},"20":{"start":{"line":58,"column":12},"end":{"line":60,"column":null}},"21":{"start":{"line":59,"column":16},"end":{"line":59,"column":null}},"22":{"start":{"line":61,"column":12},"end":{"line":61,"column":null}},"23":{"start":{"line":64,"column":8},"end":{"line":73,"column":null}},"24":{"start":{"line":65,"column":29},"end":{"line":69,"column":null}},"25":{"start":{"line":70,"column":12},"end":{"line":70,"column":null}},"26":{"start":{"line":71,"column":12},"end":{"line":71,"column":null}},"27":{"start":{"line":72,"column":12},"end":{"line":72,"column":null}},"28":{"start":{"line":75,"column":8},"end":{"line":77,"column":null}},"29":{"start":{"line":76,"column":12},"end":{"line":76,"column":null}},"30":{"start":{"line":79,"column":34},"end":{"line":90,"column":null}},"31":{"start":{"line":92,"column":8},"end":{"line":92,"column":null}},"32":{"start":{"line":94,"column":8},"end":{"line":94,"column":null}},"33":{"start":{"line":97,"column":8},"end":{"line":97,"column":null}},"34":{"start":{"line":100,"column":8},"end":{"line":105,"column":null}},"35":{"start":{"line":101,"column":12},"end":{"line":104,"column":null}},"36":{"start":{"line":107,"column":8},"end":{"line":110,"column":null}}},"fnMap":{"0":{"name":"(anonymous_0)","decl":{"start":{"line":4,"column":34},"end":{"line":4,"column":41}},"loc":{"start":{"line":4,"column":51},"end":{"line":112,"column":1}},"line":4}},"branchMap":{"0":{"loc":{"start":{"line":18,"column":4},"end":{"line":20,"column":null}},"type":"if","locations":[{"start":{"line":18,"column":4},"end":{"line":20,"column":null}},{"start":{},"end":{}}],"line":18},"1":{"loc":{"start":{"line":46,"column":12},"end":{"line":54,"column":null}},"type":"if","locations":[{"start":{"line":46,"column":12},"end":{"line":54,"column":null}},{"start":{},"end":{}}],"line":46},"2":{"loc":{"start":{"line":58,"column":12},"end":{"line":60,"column":null}},"type":"if","locations":[{"start":{"line":58,"column":12},"end":{"line":60,"column":null}},{"start":{},"end":{}}],"line":58},"3":{"loc":{"start":{"line":64,"column":8},"end":{"line":73,"column":null}},"type":"if","locations":[{"start":{"line":64,"column":8},"end":{"line":73,"column":null}},{"start":{},"end":{}}],"line":64},"4":{"loc":{"start":{"line":75,"column":8},"end":{"line":77,"column":null}},"type":"if","locations":[{"start":{"line":75,"column":8},"end":{"line":77,"column":null}},{"start":{},"end":{}}],"line":75},"5":{"loc":{"start":{"line":100,"column":8},"end":{"line":105,"column":null}},"type":"if","locations":[{"start":{"line":100,"column":8},"end":{"line":105,"column":null}},{"start":{},"end":{}}],"line":100},"6":{"loc":{"start":{"line":100,"column":12},"end":{"line":100,"column":80}},"type":"binary-expr","locations":[{"start":{"line":100,"column":12},"end":{"line":100,"column":36}},{"start":{"line":100,"column":36},"end":{"line":100,"column":80}}],"line":100},"7":{"loc":{"start":{"line":108,"column":24},"end":{"line":108,"column":null}},"type":"binary-expr","locations":[{"start":{"line":108,"column":24},"end":{"line":108,"column":40}},{"start":{"line":108,"column":40},"end":{"line":108,"column":null}}],"line":108},"8":{"loc":{"start":{"line":109,"column":21},"end":{"line":109,"column":null}},"type":"binary-expr","locations":[{"start":{"line":109,"column":21},"end":{"line":109,"column":38}},{"start":{"line":109,"column":38},"end":{"line":109,"column":null}}],"line":109}},"s":{"0":0,"1":0,"2":0,"3":0,"4":0,"5":0,"6":0,"7":0,"8":0,"9":0,"10":0,"11":0,"12":0,"13":0,"14":0,"15":0,"16":0,"17":0,"18":0,"19":0,"20":0,"21":0,"22":0,"23":0,"24":0,"25":0,"26":0,"27":0,"28":0,"29":0,"30":0,"31":0,"32":0,"33":0,"34":0,"35":0,"36":0},"f":{"0":0},"b":{"0":[0,0],"1":[0,0],"2":[0,0],"3":[0,0],"4":[0,0],"5":[0,0],"6":[0,0],"7":[0,0],"8":[0,0]},"meta":{"lastBranch":9,"lastFunction":1,"lastStatement":37,"seen":{"f:4:34:4:41":0,"s:5:20:5:Infinity":0,"s:7:17:7:Infinity":1,"s:8:23:8:Infinity":2,"s:9:17:9:Infinity":3,"s:14:18:14:Infinity":4,"s:15:14:15:Infinity":5,"s:16:4:16:Infinity":6,"b:18:4:20:Infinity:undefined:undefined:undefined:undefined":0,"s:18:4:20:Infinity":7,"s:19:8:19:Infinity":8,"s:22:4:111:Infinity":9,"s:23:20:23:Infinity":10,"s:27:8:36:Infinity":11,"s:28:12:28:Infinity":12,"s:31:12:31:Infinity":13,"s:32:12:35:Infinity":14,"s:39:8:62:Infinity":15,"s:40:35:44:Infinity":16,"b:46:12:54:Infinity:undefined:undefined:undefined:undefined":1,"s:46:12:54:Infinity":17,"s:47:16:47:Infinity":18,"s:48:16:53:Infinity":19,"b:58:12:60:Infinity:undefined:undefined:undefined:undefined":2,"s:58:12:60:Infinity":20,"s:59:16:59:Infinity":21,"s:61:12:61:Infinity":22,"b:64:8:73:Infinity:undefined:undefined:undefined:undefined":3,"s:64:8:73:Infinity":23,"s:65:29:69:Infinity":24,"s:70:12:70:Infinity":25,"s:71:12:71:Infinity":26,"s:72:12:72:Infinity":27,"b:75:8:77:Infinity:undefined:undefined:undefined:undefined":4,"s:75:8:77:Infinity":28,"s:76:12:76:Infinity":29,"s:79:34:90:Infinity":30,"s:92:8:92:Infinity":31,"s:94:8:94:Infinity":32,"s:97:8:97:Infinity":33,"b:100:8:105:Infinity:undefined:undefined:undefined:undefined":5,"s:100:8:105:Infinity":34,"b:100:12:100:36:100:36:100:80":6,"s:101:12:104:Infinity":35,"s:107:8:110:Infinity":36,"b:108:24:108:40:108:40:108:Infinity":7,"b:109:21:109:38:109:38:109:Infinity":8}}}
,"/Users/gregfield/dev/tickup/server/api/github/branches.get.ts": {"path":"/Users/gregfield/dev/tickup/server/api/github/branches.get.ts","statementMap":{"0":{"start":{"line":10,"column":17},"end":{"line":10,"column":null}},"1":{"start":{"line":11,"column":21},"end":{"line":11,"column":null}},"2":{"start":{"line":12,"column":31},"end":{"line":16,"column":null}},"3":{"start":{"line":18,"column":4},"end":{"line":20,"column":null}},"4":{"start":{"line":19,"column":8},"end":{"line":19,"column":null}},"5":{"start":{"line":22,"column":19},"end":{"line":22,"column":null}},"6":{"start":{"line":24,"column":16},"end":{"line":27,"column":null}},"7":{"start":{"line":28,"column":20},"end":{"line":28,"column":null}},"8":{"start":{"line":29,"column":4},"end":{"line":81,"column":null}},"9":{"start":{"line":30,"column":28},"end":{"line":30,"column":null}},"10":{"start":{"line":32,"column":32},"end":{"line":35,"column":null}},"11":{"start":{"line":33,"column":12},"end":{"line":33,"column":null}},"12":{"start":{"line":33,"column":38},"end":{"line":33,"column":null}},"13":{"start":{"line":34,"column":12},"end":{"line":34,"column":null}},"14":{"start":{"line":37,"column":26},"end":{"line":37,"column":null}},"15":{"start":{"line":38,"column":25},"end":{"line":38,"column":null}},"16":{"start":{"line":40,"column":19},"end":{"line":40,"column":null}},"17":{"start":{"line":42,"column":41},"end":{"line":42,"column":null}},"18":{"start":{"line":44,"column":8},"end":{"line":71,"column":null}},"19":{"start":{"line":45,"column":38},"end":{"line":49,"column":null}},"20":{"start":{"line":51,"column":12},"end":{"line":51,"column":null}},"21":{"start":{"line":52,"column":75},"end":{"line":52,"column":null}},"22":{"start":{"line":53,"column":12},"end":{"line":61,"column":null}},"23":{"start":{"line":54,"column":30},"end":{"line":54,"column":null}},"24":{"start":{"line":55,"column":16},"end":{"line":60,"column":null}},"25":{"start":{"line":56,"column":20},"end":{"line":59,"column":null}},"26":{"start":{"line":63,"column":12},"end":{"line":63,"column":null}},"27":{"start":{"line":64,"column":27},"end":{"line":64,"column":null}},"28":{"start":{"line":65,"column":12},"end":{"line":65,"column":null}},"29":{"start":{"line":67,"column":12},"end":{"line":67,"column":null}},"30":{"start":{"line":68,"column":12},"end":{"line":70,"column":null}},"31":{"start":{"line":69,"column":16},"end":{"line":69,"column":null}},"32":{"start":{"line":73,"column":8},"end":{"line":73,"column":null}},"33":{"start":{"line":76,"column":8},"end":{"line":76,"column":null}},"34":{"start":{"line":77,"column":8},"end":{"line":80,"column":null}}},"fnMap":{"0":{"name":"(anonymous_0)","decl":{"start":{"line":9,"column":34},"end":{"line":9,"column":41}},"loc":{"start":{"line":9,"column":78},"end":{"line":82,"column":1}},"line":9},"1":{"name":"(anonymous_1)","decl":{"start":{"line":32,"column":32},"end":{"line":32,"column":33}},"loc":{"start":{"line":32,"column":60},"end":{"line":35,"column":null}},"line":32},"2":{"name":"(anonymous_2)","decl":{"start":{"line":53,"column":37},"end":{"line":53,"column":38}},"loc":{"start":{"line":53,"column":47},"end":{"line":61,"column":13}},"line":53}},"branchMap":{"0":{"loc":{"start":{"line":18,"column":4},"end":{"line":20,"column":null}},"type":"if","locations":[{"start":{"line":18,"column":4},"end":{"line":20,"column":null}},{"start":{},"end":{}}],"line":18},"1":{"loc":{"start":{"line":33,"column":12},"end":{"line":33,"column":null}},"type":"if","locations":[{"start":{"line":33,"column":12},"end":{"line":33,"column":null}},{"start":{},"end":{}}],"line":33},"2":{"loc":{"start":{"line":34,"column":26},"end":{"line":34,"column":37}},"type":"binary-expr","locations":[{"start":{"line":34,"column":26},"end":{"line":34,"column":35}},{"start":{"line":34,"column":35},"end":{"line":34,"column":37}}],"line":34},"3":{"loc":{"start":{"line":55,"column":16},"end":{"line":60,"column":null}},"type":"if","locations":[{"start":{"line":55,"column":16},"end":{"line":60,"column":null}},{"start":{},"end":{}}],"line":55},"4":{"loc":{"start":{"line":63,"column":19},"end":{"line":63,"column":null}},"type":"cond-expr","locations":[{"start":{"line":63,"column":39},"end":{"line":63,"column":71}},{"start":{"line":63,"column":71},"end":{"line":63,"column":null}}],"line":63},"5":{"loc":{"start":{"line":68,"column":12},"end":{"line":70,"column":null}},"type":"if","locations":[{"start":{"line":68,"column":12},"end":{"line":70,"column":null}},{"start":{},"end":{}}],"line":68},"6":{"loc":{"start":{"line":78,"column":24},"end":{"line":78,"column":null}},"type":"binary-expr","locations":[{"start":{"line":78,"column":24},"end":{"line":78,"column":40}},{"start":{"line":78,"column":40},"end":{"line":78,"column":null}}],"line":78},"7":{"loc":{"start":{"line":79,"column":21},"end":{"line":79,"column":null}},"type":"binary-expr","locations":[{"start":{"line":79,"column":21},"end":{"line":79,"column":38}},{"start":{"line":79,"column":38},"end":{"line":79,"column":null}}],"line":79}},"s":{"0":0,"1":0,"2":0,"3":0,"4":0,"5":0,"6":0,"7":0,"8":0,"9":0,"10":0,"11":0,"12":0,"13":0,"14":0,"15":0,"16":0,"17":0,"18":0,"19":0,"20":0,"21":0,"22":0,"23":0,"24":0,"25":0,"26":0,"27":0,"28":0,"29":0,"30":0,"31":0,"32":0,"33":0,"34":0},"f":{"0":0,"1":0,"2":0},"b":{"0":[0,0],"1":[0,0],"2":[0,0],"3":[0,0],"4":[0,0],"5":[0,0],"6":[0,0],"7":[0,0]},"meta":{"lastBranch":8,"lastFunction":3,"lastStatement":35,"seen":{"f:9:34:9:41":0,"s:10:17:10:Infinity":0,"s:11:21:11:Infinity":1,"s:12:31:16:Infinity":2,"b:18:4:20:Infinity:undefined:undefined:undefined:undefined":0,"s:18:4:20:Infinity":3,"s:19:8:19:Infinity":4,"s:22:19:22:Infinity":5,"s:24:16:27:Infinity":6,"s:28:20:28:Infinity":7,"s:29:4:81:Infinity":8,"s:30:28:30:Infinity":9,"s:32:32:35:Infinity":10,"f:32:32:32:33":1,"b:33:12:33:Infinity:undefined:undefined:undefined:undefined":1,"s:33:12:33:Infinity":11,"s:33:38:33:Infinity":12,"s:34:12:34:Infinity":13,"b:34:26:34:35:34:35:34:37":2,"s:37:26:37:Infinity":14,"s:38:25:38:Infinity":15,"s:40:19:40:Infinity":16,"s:42:41:42:Infinity":17,"s:44:8:71:Infinity":18,"s:45:38:49:Infinity":19,"s:51:12:51:Infinity":20,"s:52:75:52:Infinity":21,"s:53:12:61:Infinity":22,"f:53:37:53:38":2,"s:54:30:54:Infinity":23,"b:55:16:60:Infinity:undefined:undefined:undefined:undefined":3,"s:55:16:60:Infinity":24,"s:56:20:59:Infinity":25,"s:63:12:63:Infinity":26,"b:63:39:63:71:63:71:63:Infinity":4,"s:64:27:64:Infinity":27,"s:65:12:65:Infinity":28,"s:67:12:67:Infinity":29,"b:68:12:70:Infinity:undefined:undefined:undefined:undefined":5,"s:68:12:70:Infinity":30,"s:69:16:69:Infinity":31,"s:73:8:73:Infinity":32,"s:76:8:76:Infinity":33,"s:77:8:80:Infinity":34,"b:78:24:78:40:78:40:78:Infinity":6,"b:79:21:79:38:79:38:79:Infinity":7}}}
,"/Users/gregfield/dev/tickup/server/api/github/callback.get.ts": {"path":"/Users/gregfield/dev/tickup/server/api/github/callback.get.ts","statementMap":{"0":{"start":{"line":4,"column":18},"end":{"line":4,"column":null}},"1":{"start":{"line":5,"column":27},"end":{"line":5,"column":null}},"2":{"start":{"line":6,"column":17},"end":{"line":6,"column":null}},"3":{"start":{"line":7,"column":21},"end":{"line":7,"column":null}},"4":{"start":{"line":8,"column":19},"end":{"line":8,"column":null}},"5":{"start":{"line":10,"column":4},"end":{"line":13,"column":null}},"6":{"start":{"line":12,"column":8},"end":{"line":12,"column":null}},"7":{"start":{"line":16,"column":17},"end":{"line":16,"column":null}},"8":{"start":{"line":17,"column":4},"end":{"line":25,"column":null}},"9":{"start":{"line":20,"column":23},"end":{"line":23,"column":null}},"10":{"start":{"line":24,"column":8},"end":{"line":24,"column":null}},"11":{"start":{"line":28,"column":40},"end":{"line":28,"column":null}},"12":{"start":{"line":29,"column":4},"end":{"line":72,"column":null}},"13":{"start":{"line":30,"column":8},"end":{"line":71,"column":null}},"14":{"start":{"line":31,"column":29},"end":{"line":42,"column":null}},"15":{"start":{"line":43,"column":30},"end":{"line":43,"column":null}},"16":{"start":{"line":45,"column":12},"end":{"line":67,"column":null}},"17":{"start":{"line":46,"column":32},"end":{"line":48,"column":null}},"18":{"start":{"line":49,"column":35},"end":{"line":49,"column":null}},"19":{"start":{"line":50,"column":16},"end":{"line":50,"column":null}},"20":{"start":{"line":52,"column":34},"end":{"line":52,"column":null}},"21":{"start":{"line":53,"column":34},"end":{"line":53,"column":null}},"22":{"start":{"line":55,"column":45},"end":{"line":61,"column":null}},"23":{"start":{"line":62,"column":34},"end":{"line":64,"column":null}},"24":{"start":{"line":66,"column":16},"end":{"line":66,"column":null}},"25":{"start":{"line":70,"column":12},"end":{"line":70,"column":null}},"26":{"start":{"line":74,"column":48},"end":{"line":77,"column":null}},"27":{"start":{"line":78,"column":4},"end":{"line":80,"column":null}},"28":{"start":{"line":79,"column":8},"end":{"line":79,"column":null}},"29":{"start":{"line":82,"column":22},"end":{"line":82,"column":null}},"30":{"start":{"line":84,"column":4},"end":{"line":87,"column":null}},"31":{"start":{"line":85,"column":8},"end":{"line":85,"column":null}},"32":{"start":{"line":86,"column":8},"end":{"line":86,"column":null}},"33":{"start":{"line":89,"column":4},"end":{"line":89,"column":null}}},"fnMap":{"0":{"name":"(anonymous_0)","decl":{"start":{"line":3,"column":34},"end":{"line":3,"column":41}},"loc":{"start":{"line":3,"column":51},"end":{"line":90,"column":1}},"line":3}},"branchMap":{"0":{"loc":{"start":{"line":10,"column":4},"end":{"line":13,"column":null}},"type":"if","locations":[{"start":{"line":10,"column":4},"end":{"line":13,"column":null}},{"start":{},"end":{}}],"line":10},"1":{"loc":{"start":{"line":17,"column":4},"end":{"line":25,"column":null}},"type":"if","locations":[{"start":{"line":17,"column":4},"end":{"line":25,"column":null}},{"start":{},"end":{}}],"line":17},"2":{"loc":{"start":{"line":22,"column":16},"end":{"line":22,"column":null}},"type":"binary-expr","locations":[{"start":{"line":22,"column":16},"end":{"line":22,"column":24}},{"start":{"line":22,"column":24},"end":{"line":22,"column":null}}],"line":22},"3":{"loc":{"start":{"line":29,"column":4},"end":{"line":72,"column":null}},"type":"if","locations":[{"start":{"line":29,"column":4},"end":{"line":72,"column":null}},{"start":{},"end":{}}],"line":29},"4":{"loc":{"start":{"line":45,"column":12},"end":{"line":67,"column":null}},"type":"if","locations":[{"start":{"line":45,"column":12},"end":{"line":67,"column":null}},{"start":{},"end":{}}],"line":45},"5":{"loc":{"start":{"line":52,"column":34},"end":{"line":52,"column":null}},"type":"binary-expr","locations":[{"start":{"line":52,"column":34},"end":{"line":52,"column":58}},{"start":{"line":52,"column":58},"end":{"line":52,"column":null}}],"line":52},"6":{"loc":{"start":{"line":78,"column":4},"end":{"line":80,"column":null}},"type":"if","locations":[{"start":{"line":78,"column":4},"end":{"line":80,"column":null}},{"start":{},"end":{}}],"line":78},"7":{"loc":{"start":{"line":84,"column":4},"end":{"line":87,"column":null}},"type":"if","locations":[{"start":{"line":84,"column":4},"end":{"line":87,"column":null}},{"start":{},"end":{}}],"line":84}},"s":{"0":0,"1":0,"2":0,"3":0,"4":0,"5":0,"6":0,"7":0,"8":0,"9":0,"10":0,"11":0,"12":0,"13":0,"14":0,"15":0,"16":0,"17":0,"18":0,"19":0,"20":0,"21":0,"22":0,"23":0,"24":0,"25":0,"26":0,"27":0,"28":0,"29":0,"30":0,"31":0,"32":0,"33":0},"f":{"0":0},"b":{"0":[0,0],"1":[0,0],"2":[0,0],"3":[0,0],"4":[0,0],"5":[0,0],"6":[0,0],"7":[0,0]},"meta":{"lastBranch":8,"lastFunction":1,"lastStatement":34,"seen":{"f:3:34:3:41":0,"s:4:18:4:Infinity":0,"s:5:27:5:Infinity":1,"s:6:17:6:Infinity":2,"s:7:21:7:Infinity":3,"s:8:19:8:Infinity":4,"b:10:4:13:Infinity:undefined:undefined:undefined:undefined":0,"s:10:4:13:Infinity":5,"s:12:8:12:Infinity":6,"s:16:17:16:Infinity":7,"b:17:4:25:Infinity:undefined:undefined:undefined:undefined":1,"s:17:4:25:Infinity":8,"s:20:23:23:Infinity":9,"b:22:16:22:24:22:24:22:Infinity":2,"s:24:8:24:Infinity":10,"s:28:40:28:Infinity":11,"b:29:4:72:Infinity:undefined:undefined:undefined:undefined":3,"s:29:4:72:Infinity":12,"s:30:8:71:Infinity":13,"s:31:29:42:Infinity":14,"s:43:30:43:Infinity":15,"b:45:12:67:Infinity:undefined:undefined:undefined:undefined":4,"s:45:12:67:Infinity":16,"s:46:32:48:Infinity":17,"s:49:35:49:Infinity":18,"s:50:16:50:Infinity":19,"s:52:34:52:Infinity":20,"b:52:34:52:58:52:58:52:Infinity":5,"s:53:34:53:Infinity":21,"s:55:45:61:Infinity":22,"s:62:34:64:Infinity":23,"s:66:16:66:Infinity":24,"s:70:12:70:Infinity":25,"s:74:48:77:Infinity":26,"b:78:4:80:Infinity:undefined:undefined:undefined:undefined":6,"s:78:4:80:Infinity":27,"s:79:8:79:Infinity":28,"s:82:22:82:Infinity":29,"b:84:4:87:Infinity:undefined:undefined:undefined:undefined":7,"s:84:4:87:Infinity":30,"s:85:8:85:Infinity":31,"s:86:8:86:Infinity":32,"s:89:4:89:Infinity":33}}}
,"/Users/gregfield/dev/tickup/server/api/github/check.ts": {"path":"/Users/gregfield/dev/tickup/server/api/github/check.ts","statementMap":{"0":{"start":{"line":4,"column":17},"end":{"line":4,"column":null}},"1":{"start":{"line":6,"column":4},"end":{"line":8,"column":null}},"2":{"start":{"line":7,"column":8},"end":{"line":7,"column":null}},"3":{"start":{"line":10,"column":21},"end":{"line":10,"column":null}},"4":{"start":{"line":11,"column":21},"end":{"line":15,"column":null}},"5":{"start":{"line":17,"column":4},"end":{"line":17,"column":null}}},"fnMap":{"0":{"name":"(anonymous_0)","decl":{"start":{"line":3,"column":34},"end":{"line":3,"column":41}},"loc":{"start":{"line":3,"column":51},"end":{"line":18,"column":1}},"line":3}},"branchMap":{"0":{"loc":{"start":{"line":6,"column":4},"end":{"line":8,"column":null}},"type":"if","locations":[{"start":{"line":6,"column":4},"end":{"line":8,"column":null}},{"start":{},"end":{}}],"line":6}},"s":{"0":0,"1":0,"2":0,"3":0,"4":0,"5":0},"f":{"0":0},"b":{"0":[0,0]},"meta":{"lastBranch":1,"lastFunction":1,"lastStatement":6,"seen":{"f:3:34:3:41":0,"s:4:17:4:Infinity":0,"b:6:4:8:Infinity:undefined:undefined:undefined:undefined":0,"s:6:4:8:Infinity":1,"s:7:8:7:Infinity":2,"s:10:21:10:Infinity":3,"s:11:21:15:Infinity":4,"s:17:4:17:Infinity":5}}}
,"/Users/gregfield/dev/tickup/server/api/github/connect.post.ts": {"path":"/Users/gregfield/dev/tickup/server/api/github/connect.post.ts","statementMap":{"0":{"start":{"line":4,"column":17},"end":{"line":4,"column":null}},"1":{"start":{"line":5,"column":4},"end":{"line":7,"column":null}},"2":{"start":{"line":6,"column":8},"end":{"line":6,"column":null}},"3":{"start":{"line":9,"column":17},"end":{"line":9,"column":null}},"4":{"start":{"line":10,"column":27},"end":{"line":10,"column":null}},"5":{"start":{"line":12,"column":4},"end":{"line":14,"column":null}},"6":{"start":{"line":13,"column":8},"end":{"line":13,"column":null}},"7":{"start":{"line":16,"column":19},"end":{"line":16,"column":null}},"8":{"start":{"line":19,"column":40},"end":{"line":19,"column":null}},"9":{"start":{"line":20,"column":4},"end":{"line":47,"column":null}},"10":{"start":{"line":21,"column":8},"end":{"line":46,"column":null}},"11":{"start":{"line":22,"column":29},"end":{"line":33,"column":null}},"12":{"start":{"line":34,"column":30},"end":{"line":34,"column":null}},"13":{"start":{"line":36,"column":12},"end":{"line":42,"column":null}},"14":{"start":{"line":37,"column":32},"end":{"line":39,"column":null}},"15":{"start":{"line":40,"column":35},"end":{"line":40,"column":null}},"16":{"start":{"line":41,"column":16},"end":{"line":41,"column":null}},"17":{"start":{"line":45,"column":12},"end":{"line":45,"column":null}},"18":{"start":{"line":49,"column":21},"end":{"line":49,"column":null}},"19":{"start":{"line":51,"column":48},"end":{"line":54,"column":null}},"20":{"start":{"line":55,"column":4},"end":{"line":57,"column":null}},"21":{"start":{"line":56,"column":8},"end":{"line":56,"column":null}},"22":{"start":{"line":59,"column":22},"end":{"line":59,"column":null}},"23":{"start":{"line":61,"column":4},"end":{"line":63,"column":null}},"24":{"start":{"line":62,"column":8},"end":{"line":62,"column":null}},"25":{"start":{"line":65,"column":4},"end":{"line":65,"column":null}}},"fnMap":{"0":{"name":"(anonymous_0)","decl":{"start":{"line":3,"column":34},"end":{"line":3,"column":41}},"loc":{"start":{"line":3,"column":51},"end":{"line":66,"column":1}},"line":3}},"branchMap":{"0":{"loc":{"start":{"line":5,"column":4},"end":{"line":7,"column":null}},"type":"if","locations":[{"start":{"line":5,"column":4},"end":{"line":7,"column":null}},{"start":{},"end":{}}],"line":5},"1":{"loc":{"start":{"line":12,"column":4},"end":{"line":14,"column":null}},"type":"if","locations":[{"start":{"line":12,"column":4},"end":{"line":14,"column":null}},{"start":{},"end":{}}],"line":12},"2":{"loc":{"start":{"line":20,"column":4},"end":{"line":47,"column":null}},"type":"if","locations":[{"start":{"line":20,"column":4},"end":{"line":47,"column":null}},{"start":{},"end":{}}],"line":20},"3":{"loc":{"start":{"line":36,"column":12},"end":{"line":42,"column":null}},"type":"if","locations":[{"start":{"line":36,"column":12},"end":{"line":42,"column":null}},{"start":{},"end":{}}],"line":36},"4":{"loc":{"start":{"line":55,"column":4},"end":{"line":57,"column":null}},"type":"if","locations":[{"start":{"line":55,"column":4},"end":{"line":57,"column":null}},{"start":{},"end":{}}],"line":55},"5":{"loc":{"start":{"line":61,"column":4},"end":{"line":63,"column":null}},"type":"if","locations":[{"start":{"line":61,"column":4},"end":{"line":63,"column":null}},{"start":{},"end":{}}],"line":61}},"s":{"0":0,"1":0,"2":0,"3":0,"4":0,"5":0,"6":0,"7":0,"8":0,"9":0,"10":0,"11":0,"12":0,"13":0,"14":0,"15":0,"16":0,"17":0,"18":0,"19":0,"20":0,"21":0,"22":0,"23":0,"24":0,"25":0},"f":{"0":0},"b":{"0":[0,0],"1":[0,0],"2":[0,0],"3":[0,0],"4":[0,0],"5":[0,0]},"meta":{"lastBranch":6,"lastFunction":1,"lastStatement":26,"seen":{"f:3:34:3:41":0,"s:4:17:4:Infinity":0,"b:5:4:7:Infinity:undefined:undefined:undefined:undefined":0,"s:5:4:7:Infinity":1,"s:6:8:6:Infinity":2,"s:9:17:9:Infinity":3,"s:10:27:10:Infinity":4,"b:12:4:14:Infinity:undefined:undefined:undefined:undefined":1,"s:12:4:14:Infinity":5,"s:13:8:13:Infinity":6,"s:16:19:16:Infinity":7,"s:19:40:19:Infinity":8,"b:20:4:47:Infinity:undefined:undefined:undefined:undefined":2,"s:20:4:47:Infinity":9,"s:21:8:46:Infinity":10,"s:22:29:33:Infinity":11,"s:34:30:34:Infinity":12,"b:36:12:42:Infinity:undefined:undefined:undefined:undefined":3,"s:36:12:42:Infinity":13,"s:37:32:39:Infinity":14,"s:40:35:40:Infinity":15,"s:41:16:41:Infinity":16,"s:45:12:45:Infinity":17,"s:49:21:49:Infinity":18,"s:51:48:54:Infinity":19,"b:55:4:57:Infinity:undefined:undefined:undefined:undefined":4,"s:55:4:57:Infinity":20,"s:56:8:56:Infinity":21,"s:59:22:59:Infinity":22,"b:61:4:63:Infinity:undefined:undefined:undefined:undefined":5,"s:61:4:63:Infinity":23,"s:62:8:62:Infinity":24,"s:65:4:65:Infinity":25}}}
,"/Users/gregfield/dev/tickup/server/api/github/disconnect.post.ts": {"path":"/Users/gregfield/dev/tickup/server/api/github/disconnect.post.ts","statementMap":{"0":{"start":{"line":4,"column":17},"end":{"line":4,"column":null}},"1":{"start":{"line":5,"column":4},"end":{"line":7,"column":null}},"2":{"start":{"line":6,"column":8},"end":{"line":6,"column":null}},"3":{"start":{"line":9,"column":21},"end":{"line":9,"column":null}},"4":{"start":{"line":11,"column":22},"end":{"line":14,"column":null}},"5":{"start":{"line":16,"column":4},"end":{"line":18,"column":null}},"6":{"start":{"line":17,"column":8},"end":{"line":17,"column":null}},"7":{"start":{"line":20,"column":4},"end":{"line":20,"column":null}}},"fnMap":{"0":{"name":"(anonymous_0)","decl":{"start":{"line":3,"column":34},"end":{"line":3,"column":41}},"loc":{"start":{"line":3,"column":51},"end":{"line":21,"column":1}},"line":3}},"branchMap":{"0":{"loc":{"start":{"line":5,"column":4},"end":{"line":7,"column":null}},"type":"if","locations":[{"start":{"line":5,"column":4},"end":{"line":7,"column":null}},{"start":{},"end":{}}],"line":5},"1":{"loc":{"start":{"line":16,"column":4},"end":{"line":18,"column":null}},"type":"if","locations":[{"start":{"line":16,"column":4},"end":{"line":18,"column":null}},{"start":{},"end":{}}],"line":16}},"s":{"0":0,"1":0,"2":0,"3":0,"4":0,"5":0,"6":0,"7":0},"f":{"0":0},"b":{"0":[0,0],"1":[0,0]},"meta":{"lastBranch":2,"lastFunction":1,"lastStatement":8,"seen":{"f:3:34:3:41":0,"s:4:17:4:Infinity":0,"b:5:4:7:Infinity:undefined:undefined:undefined:undefined":0,"s:5:4:7:Infinity":1,"s:6:8:6:Infinity":2,"s:9:21:9:Infinity":3,"s:11:22:14:Infinity":4,"b:16:4:18:Infinity:undefined:undefined:undefined:undefined":1,"s:16:4:18:Infinity":5,"s:17:8:17:Infinity":6,"s:20:4:20:Infinity":7}}}
,"/Users/gregfield/dev/tickup/server/api/github/index.ts": {"path":"/Users/gregfield/dev/tickup/server/api/github/index.ts","statementMap":{"0":{"start":{"line":7,"column":17},"end":{"line":7,"column":null}},"1":{"start":{"line":8,"column":21},"end":{"line":8,"column":null}},"2":{"start":{"line":9,"column":31},"end":{"line":13,"column":null}},"3":{"start":{"line":15,"column":4},"end":{"line":15,"column":null}},"4":{"start":{"line":16,"column":4},"end":{"line":21,"column":null}},"5":{"start":{"line":17,"column":8},"end":{"line":20,"column":null}},"6":{"start":{"line":23,"column":19},"end":{"line":23,"column":null}},"7":{"start":{"line":24,"column":16},"end":{"line":27,"column":null}},"8":{"start":{"line":28,"column":20},"end":{"line":28,"column":null}},"9":{"start":{"line":30,"column":4},"end":{"line":130,"column":null}},"10":{"start":{"line":31,"column":21},"end":{"line":31,"column":null}},"11":{"start":{"line":32,"column":27},"end":{"line":32,"column":null}},"12":{"start":{"line":33,"column":21},"end":{"line":33,"column":null}},"13":{"start":{"line":38,"column":22},"end":{"line":38,"column":null}},"14":{"start":{"line":39,"column":18},"end":{"line":39,"column":null}},"15":{"start":{"line":40,"column":8},"end":{"line":40,"column":null}},"16":{"start":{"line":42,"column":8},"end":{"line":44,"column":null}},"17":{"start":{"line":43,"column":12},"end":{"line":43,"column":null}},"18":{"start":{"line":46,"column":36},"end":{"line":46,"column":null}},"19":{"start":{"line":47,"column":8},"end":{"line":52,"column":null}},"20":{"start":{"line":48,"column":12},"end":{"line":51,"column":null}},"21":{"start":{"line":54,"column":8},"end":{"line":126,"column":null}},"22":{"start":{"line":55,"column":24},"end":{"line":55,"column":null}},"23":{"start":{"line":58,"column":12},"end":{"line":80,"column":null}},"24":{"start":{"line":59,"column":39},"end":{"line":63,"column":null}},"25":{"start":{"line":65,"column":16},"end":{"line":73,"column":null}},"26":{"start":{"line":66,"column":20},"end":{"line":66,"column":null}},"27":{"start":{"line":67,"column":20},"end":{"line":72,"column":null}},"28":{"start":{"line":76,"column":16},"end":{"line":78,"column":null}},"29":{"start":{"line":77,"column":20},"end":{"line":77,"column":null}},"30":{"start":{"line":79,"column":16},"end":{"line":79,"column":null}},"31":{"start":{"line":82,"column":12},"end":{"line":89,"column":null}},"32":{"start":{"line":83,"column":33},"end":{"line":87,"column":null}},"33":{"start":{"line":88,"column":16},"end":{"line":88,"column":null}},"34":{"start":{"line":91,"column":12},"end":{"line":93,"column":null}},"35":{"start":{"line":92,"column":16},"end":{"line":92,"column":null}},"36":{"start":{"line":95,"column":38},"end":{"line":106,"column":null}},"37":{"start":{"line":108,"column":12},"end":{"line":108,"column":null}},"38":{"start":{"line":110,"column":12},"end":{"line":110,"column":null}},"39":{"start":{"line":113,"column":12},"end":{"line":113,"column":null}},"40":{"start":{"line":115,"column":12},"end":{"line":120,"column":null}},"41":{"start":{"line":116,"column":16},"end":{"line":119,"column":null}},"42":{"start":{"line":122,"column":12},"end":{"line":125,"column":null}},"43":{"start":{"line":129,"column":8},"end":{"line":129,"column":null}}},"fnMap":{"0":{"name":"(anonymous_0)","decl":{"start":{"line":6,"column":34},"end":{"line":6,"column":41}},"loc":{"start":{"line":6,"column":51},"end":{"line":131,"column":1}},"line":6}},"branchMap":{"0":{"loc":{"start":{"line":16,"column":4},"end":{"line":21,"column":null}},"type":"if","locations":[{"start":{"line":16,"column":4},"end":{"line":21,"column":null}},{"start":{},"end":{}}],"line":16},"1":{"loc":{"start":{"line":30,"column":4},"end":{"line":130,"column":null}},"type":"if","locations":[{"start":{"line":30,"column":4},"end":{"line":130,"column":null}},{"start":{"line":128,"column":9},"end":{"line":130,"column":null}}],"line":30},"2":{"loc":{"start":{"line":42,"column":8},"end":{"line":44,"column":null}},"type":"if","locations":[{"start":{"line":42,"column":8},"end":{"line":44,"column":null}},{"start":{},"end":{}}],"line":42},"3":{"loc":{"start":{"line":47,"column":8},"end":{"line":52,"column":null}},"type":"if","locations":[{"start":{"line":47,"column":8},"end":{"line":52,"column":null}},{"start":{},"end":{}}],"line":47},"4":{"loc":{"start":{"line":65,"column":16},"end":{"line":73,"column":null}},"type":"if","locations":[{"start":{"line":65,"column":16},"end":{"line":73,"column":null}},{"start":{},"end":{}}],"line":65},"5":{"loc":{"start":{"line":76,"column":16},"end":{"line":78,"column":null}},"type":"if","locations":[{"start":{"line":76,"column":16},"end":{"line":78,"column":null}},{"start":{},"end":{}}],"line":76},"6":{"loc":{"start":{"line":82,"column":12},"end":{"line":89,"column":null}},"type":"if","locations":[{"start":{"line":82,"column":12},"end":{"line":89,"column":null}},{"start":{},"end":{}}],"line":82},"7":{"loc":{"start":{"line":91,"column":12},"end":{"line":93,"column":null}},"type":"if","locations":[{"start":{"line":91,"column":12},"end":{"line":93,"column":null}},{"start":{},"end":{}}],"line":91},"8":{"loc":{"start":{"line":115,"column":12},"end":{"line":120,"column":null}},"type":"if","locations":[{"start":{"line":115,"column":12},"end":{"line":120,"column":null}},{"start":{},"end":{}}],"line":115},"9":{"loc":{"start":{"line":115,"column":16},"end":{"line":115,"column":84}},"type":"binary-expr","locations":[{"start":{"line":115,"column":16},"end":{"line":115,"column":40}},{"start":{"line":115,"column":40},"end":{"line":115,"column":84}}],"line":115},"10":{"loc":{"start":{"line":123,"column":28},"end":{"line":123,"column":null}},"type":"binary-expr","locations":[{"start":{"line":123,"column":28},"end":{"line":123,"column":44}},{"start":{"line":123,"column":44},"end":{"line":123,"column":null}}],"line":123},"11":{"loc":{"start":{"line":124,"column":25},"end":{"line":124,"column":null}},"type":"binary-expr","locations":[{"start":{"line":124,"column":25},"end":{"line":124,"column":42}},{"start":{"line":124,"column":42},"end":{"line":124,"column":null}}],"line":124}},"s":{"0":0,"1":0,"2":0,"3":0,"4":0,"5":0,"6":0,"7":0,"8":0,"9":0,"10":0,"11":0,"12":0,"13":0,"14":0,"15":0,"16":0,"17":0,"18":0,"19":0,"20":0,"21":0,"22":0,"23":0,"24":0,"25":0,"26":0,"27":0,"28":0,"29":0,"30":0,"31":0,"32":0,"33":0,"34":0,"35":0,"36":0,"37":0,"38":0,"39":0,"40":0,"41":0,"42":0,"43":0},"f":{"0":0},"b":{"0":[0,0],"1":[0,0],"2":[0,0],"3":[0,0],"4":[0,0],"5":[0,0],"6":[0,0],"7":[0,0],"8":[0,0],"9":[0,0],"10":[0,0],"11":[0,0]},"meta":{"lastBranch":12,"lastFunction":1,"lastStatement":44,"seen":{"f:6:34:6:41":0,"s:7:17:7:Infinity":0,"s:8:21:8:Infinity":1,"s:9:31:13:Infinity":2,"s:15:4:15:Infinity":3,"b:16:4:21:Infinity:undefined:undefined:undefined:undefined":0,"s:16:4:21:Infinity":4,"s:17:8:20:Infinity":5,"s:23:19:23:Infinity":6,"s:24:16:27:Infinity":7,"s:28:20:28:Infinity":8,"b:30:4:130:Infinity:128:9:130:Infinity":1,"s:30:4:130:Infinity":9,"s:31:21:31:Infinity":10,"s:32:27:32:Infinity":11,"s:33:21:33:Infinity":12,"s:38:22:38:Infinity":13,"s:39:18:39:Infinity":14,"s:40:8:40:Infinity":15,"b:42:8:44:Infinity:undefined:undefined:undefined:undefined":2,"s:42:8:44:Infinity":16,"s:43:12:43:Infinity":17,"s:46:36:46:Infinity":18,"b:47:8:52:Infinity:undefined:undefined:undefined:undefined":3,"s:47:8:52:Infinity":19,"s:48:12:51:Infinity":20,"s:54:8:126:Infinity":21,"s:55:24:55:Infinity":22,"s:58:12:80:Infinity":23,"s:59:39:63:Infinity":24,"b:65:16:73:Infinity:undefined:undefined:undefined:undefined":4,"s:65:16:73:Infinity":25,"s:66:20:66:Infinity":26,"s:67:20:72:Infinity":27,"b:76:16:78:Infinity:undefined:undefined:undefined:undefined":5,"s:76:16:78:Infinity":28,"s:77:20:77:Infinity":29,"s:79:16:79:Infinity":30,"b:82:12:89:Infinity:undefined:undefined:undefined:undefined":6,"s:82:12:89:Infinity":31,"s:83:33:87:Infinity":32,"s:88:16:88:Infinity":33,"b:91:12:93:Infinity:undefined:undefined:undefined:undefined":7,"s:91:12:93:Infinity":34,"s:92:16:92:Infinity":35,"s:95:38:106:Infinity":36,"s:108:12:108:Infinity":37,"s:110:12:110:Infinity":38,"s:113:12:113:Infinity":39,"b:115:12:120:Infinity:undefined:undefined:undefined:undefined":8,"s:115:12:120:Infinity":40,"b:115:16:115:40:115:40:115:84":9,"s:116:16:119:Infinity":41,"s:122:12:125:Infinity":42,"b:123:28:123:44:123:44:123:Infinity":10,"b:124:25:124:42:124:42:124:Infinity":11,"s:129:8:129:Infinity":43}}}
,"/Users/gregfield/dev/tickup/server/api/github/repos.get.ts": {"path":"/Users/gregfield/dev/tickup/server/api/github/repos.get.ts","statementMap":{"0":{"start":{"line":7,"column":17},"end":{"line":7,"column":null}},"1":{"start":{"line":8,"column":4},"end":{"line":10,"column":null}},"2":{"start":{"line":9,"column":8},"end":{"line":9,"column":null}},"3":{"start":{"line":12,"column":21},"end":{"line":12,"column":null}},"4":{"start":{"line":13,"column":31},"end":{"line":17,"column":null}},"5":{"start":{"line":19,"column":4},"end":{"line":21,"column":null}},"6":{"start":{"line":20,"column":8},"end":{"line":20,"column":null}},"7":{"start":{"line":23,"column":19},"end":{"line":23,"column":null}},"8":{"start":{"line":25,"column":16},"end":{"line":28,"column":null}},"9":{"start":{"line":29,"column":20},"end":{"line":29,"column":null}},"10":{"start":{"line":30,"column":4},"end":{"line":54,"column":null}},"11":{"start":{"line":31,"column":25},"end":{"line":31,"column":null}},"12":{"start":{"line":33,"column":8},"end":{"line":46,"column":null}},"13":{"start":{"line":35,"column":57},"end":{"line":45,"column":14}},"14":{"start":{"line":49,"column":8},"end":{"line":49,"column":null}},"15":{"start":{"line":50,"column":8},"end":{"line":53,"column":null}}},"fnMap":{"0":{"name":"(anonymous_0)","decl":{"start":{"line":6,"column":34},"end":{"line":6,"column":41}},"loc":{"start":{"line":6,"column":51},"end":{"line":55,"column":1}},"line":6},"1":{"name":"(anonymous_1)","decl":{"start":{"line":35,"column":48},"end":{"line":35,"column":57}},"loc":{"start":{"line":35,"column":57},"end":{"line":45,"column":14}},"line":35}},"branchMap":{"0":{"loc":{"start":{"line":8,"column":4},"end":{"line":10,"column":null}},"type":"if","locations":[{"start":{"line":8,"column":4},"end":{"line":10,"column":null}},{"start":{},"end":{}}],"line":8},"1":{"loc":{"start":{"line":19,"column":4},"end":{"line":21,"column":null}},"type":"if","locations":[{"start":{"line":19,"column":4},"end":{"line":21,"column":null}},{"start":{},"end":{}}],"line":19},"2":{"loc":{"start":{"line":51,"column":24},"end":{"line":51,"column":null}},"type":"binary-expr","locations":[{"start":{"line":51,"column":24},"end":{"line":51,"column":40}},{"start":{"line":51,"column":40},"end":{"line":51,"column":null}}],"line":51},"3":{"loc":{"start":{"line":52,"column":21},"end":{"line":52,"column":null}},"type":"binary-expr","locations":[{"start":{"line":52,"column":21},"end":{"line":52,"column":38}},{"start":{"line":52,"column":38},"end":{"line":52,"column":null}}],"line":52}},"s":{"0":0,"1":0,"2":0,"3":0,"4":0,"5":0,"6":0,"7":0,"8":0,"9":0,"10":0,"11":0,"12":0,"13":0,"14":0,"15":0},"f":{"0":0,"1":0},"b":{"0":[0,0],"1":[0,0],"2":[0,0],"3":[0,0]},"meta":{"lastBranch":4,"lastFunction":2,"lastStatement":16,"seen":{"f:6:34:6:41":0,"s:7:17:7:Infinity":0,"b:8:4:10:Infinity:undefined:undefined:undefined:undefined":0,"s:8:4:10:Infinity":1,"s:9:8:9:Infinity":2,"s:12:21:12:Infinity":3,"s:13:31:17:Infinity":4,"b:19:4:21:Infinity:undefined:undefined:undefined:undefined":1,"s:19:4:21:Infinity":5,"s:20:8:20:Infinity":6,"s:23:19:23:Infinity":7,"s:25:16:28:Infinity":8,"s:29:20:29:Infinity":9,"s:30:4:54:Infinity":10,"s:31:25:31:Infinity":11,"s:33:8:46:Infinity":12,"f:35:48:35:57":1,"s:35:57:45:14":13,"s:49:8:49:Infinity":14,"s:50:8:53:Infinity":15,"b:51:24:51:40:51:40:51:Infinity":2,"b:52:21:52:38:52:38:52:Infinity":3}}}
[...]
,"/Users/gregfield/dev/tickup/server/mcp/tools/todo/get-subtasks.ts": {"path":"/Users/gregfield/dev/tickup/server/mcp/tools/todo/get-subtasks.ts","statementMap":{"0":{"start":{"line":11,"column":8},"end":{"line":11,"column":null}}},"fnMap":{"0":{"name":"(anonymous_0)","decl":{"start":{"line":10,"column":13},"end":{"line":10,"column":20}},"loc":{"start":{"line":10,"column":31},"end":{"line":12,"column":null}},"line":10}},"branchMap":{},"s":{"0":0},"f":{"0":0},"b":{},"meta":{"lastBranch":0,"lastFunction":1,"lastStatement":1,"seen":{"f:10:13:10:20":0,"s:11:8:11:Infinity":0}}}
,"/Users/gregfield/dev/tickup/server/mcp/tools/todo/get-todo.ts": {"path":"/Users/gregfield/dev/tickup/server/mcp/tools/todo/get-todo.ts","statementMap":{"0":{"start":{"line":13,"column":8},"end":{"line":15,"column":null}},"1":{"start":{"line":14,"column":12},"end":{"line":14,"column":null}},"2":{"start":{"line":16,"column":8},"end":{"line":18,"column":null}},"3":{"start":{"line":17,"column":12},"end":{"line":17,"column":null}},"4":{"start":{"line":19,"column":8},"end":{"line":23,"column":null}},"5":{"start":{"line":20,"column":12},"end":{"line":22,"column":null}},"6":{"start":{"line":24,"column":8},"end":{"line":24,"column":null}}},"fnMap":{"0":{"name":"(anonymous_0)","decl":{"start":{"line":12,"column":13},"end":{"line":12,"column":20}},"loc":{"start":{"line":12,"column":55},"end":{"line":25,"column":null}},"line":12}},"branchMap":{"0":{"loc":{"start":{"line":13,"column":8},"end":{"line":15,"column":null}},"type":"if","locations":[{"start":{"line":13,"column":8},"end":{"line":15,"column":null}},{"start":{},"end":{}}],"line":13},"1":{"loc":{"start":{"line":16,"column":8},"end":{"line":18,"column":null}},"type":"if","locations":[{"start":{"line":16,"column":8},"end":{"line":18,"column":null}},{"start":{},"end":{}}],"line":16},"2":{"loc":{"start":{"line":19,"column":8},"end":{"line":23,"column":null}},"type":"if","locations":[{"start":{"line":19,"column":8},"end":{"line":23,"column":null}},{"start":{},"end":{}}],"line":19}},"s":{"0":0,"1":0,"2":0,"3":0,"4":0,"5":0,"6":0},"f":{"0":0},"b":{"0":[0,0],"1":[0,0],"2":[0,0]},"meta":{"lastBranch":3,"lastFunction":1,"lastStatement":7,"seen":{"f:12:13:12:20":0,"b:13:8:15:Infinity:undefined:undefined:undefined:undefined":0,"s:13:8:15:Infinity":0,"s:14:12:14:Infinity":1,"b:16:8:18:Infinity:undefined:undefined:undefined:undefined":1,"s:16:8:18:Infinity":2,"s:17:12:17:Infinity":3,"b:19:8:23:Infinity:undefined:undefined:undefined:undefined":2,"s:19:8:23:Infinity":4,"s:20:12:22:Infinity":5,"s:24:8:24:Infinity":6}}}
,"/Users/gregfield/dev/tickup/server/mcp/tools/todo/get-todos.ts": {"path":"/Users/gregfield/dev/tickup/server/mcp/tools/todo/get-todos.ts","statementMap":{"0":{"start":{"line":14,"column":46},"end":{"line":14,"column":null}},"1":{"start":{"line":15,"column":8},"end":{"line":15,"column":null}},"2":{"start":{"line":15,"column":24},"end":{"line":15,"column":null}},"3":{"start":{"line":16,"column":8},"end":{"line":16,"column":null}},"4":{"start":{"line":16,"column":26},"end":{"line":16,"column":null}},"5":{"start":{"line":17,"column":8},"end":{"line":17,"column":null}},"6":{"start":{"line":17,"column":25},"end":{"line":17,"column":null}},"7":{"start":{"line":18,"column":8},"end":{"line":18,"column":null}}},"fnMap":{"0":{"name":"(anonymous_0)","decl":{"start":{"line":13,"column":13},"end":{"line":13,"column":20}},"loc":{"start":{"line":13,"column":29},"end":{"line":19,"column":null}},"line":13}},"branchMap":{"0":{"loc":{"start":{"line":15,"column":8},"end":{"line":15,"column":null}},"type":"if","locations":[{"start":{"line":15,"column":8},"end":{"line":15,"column":null}},{"start":{},"end":{}}],"line":15},"1":{"loc":{"start":{"line":16,"column":8},"end":{"line":16,"column":null}},"type":"if","locations":[{"start":{"line":16,"column":8},"end":{"line":16,"column":null}},{"start":{},"end":{}}],"line":16},"2":{"loc":{"start":{"line":17,"column":8},"end":{"line":17,"column":null}},"type":"if","locations":[{"start":{"line":17,"column":8},"end":{"line":17,"column":null}},{"start":{},"end":{}}],"line":17}},"s":{"0":0,"1":0,"2":0,"3":0,"4":0,"5":0,"6":0,"7":0},"f":{"0":0},"b":{"0":[0,0],"1":[0,0],"2":[0,0]},"meta":{"lastBranch":3,"lastFunction":1,"lastStatement":8,"seen":{"f:13:13:13:20":0,"s:14:46:14:Infinity":0,"b:15:8:15:Infinity:undefined:undefined:undefined:undefined":0,"s:15:8:15:Infinity":1,"s:15:24:15:Infinity":2,"b:16:8:16:Infinity:undefined:undefined:undefined:undefined":1,"s:16:8:16:Infinity":3,"s:16:26:16:Infinity":4,"b:17:8:17:Infinity:undefined:undefined:undefined:undefined":2,"s:17:8:17:Infinity":5,"s:17:25:17:Infinity":6,"s:18:8:18:Infinity":7}}}
,"/Users/gregfield/dev/tickup/server/mcp/tools/todo/search-todos.ts": {"path":"/Users/gregfield/dev/tickup/server/mcp/tools/todo/search-todos.ts","statementMap":{"0":{"start":{"line":12,"column":22},"end":{"line":12,"column":null}},"1":{"start":{"line":13,"column":8},"end":{"line":13,"column":null}},"2":{"start":{"line":14,"column":25},"end":{"line":14,"column":null}},"3":{"start":{"line":16,"column":39},"end":{"line":20,"column":null}},"4":{"start":{"line":22,"column":8},"end":{"line":29,"column":null}},"5":{"start":{"line":23,"column":12},"end":{"line":28,"column":null}},"6":{"start":{"line":31,"column":24},"end":{"line":31,"column":null}},"7":{"start":{"line":31,"column":52},"end":{"line":31,"column":64}},"8":{"start":{"line":31,"column":85},"end":{"line":31,"column":97}},"9":{"start":{"line":33,"column":8},"end":{"line":41,"column":null}},"10":{"start":{"line":34,"column":36},"end":{"line":34,"column":null}},"11":{"start":{"line":36,"column":12},"end":{"line":40,"column":null}},"12":{"start":{"line":37,"column":16},"end":{"line":37,"column":null}},"13":{"start":{"line":37,"column":45},"end":{"line":37,"column":null}},"14":{"start":{"line":38,"column":29},"end":{"line":38,"column":null}},"15":{"start":{"line":38,"column":52},"end":{"line":38,"column":73}},"16":{"start":{"line":39,"column":16},"end":{"line":39,"column":null}},"17":{"start":{"line":43,"column":8},"end":{"line":43,"column":null}},"18":{"start":{"line":43,"column":34},"end":{"line":43,"column":67}}},"fnMap":{"0":{"name":"(anonymous_0)","decl":{"start":{"line":11,"column":13},"end":{"line":11,"column":20}},"loc":{"start":{"line":11,"column":34},"end":{"line":44,"column":null}},"line":11},"1":{"name":"(anonymous_1)","decl":{"start":{"line":31,"column":37},"end":{"line":31,"column":38}},"loc":{"start":{"line":31,"column":52},"end":{"line":31,"column":64}},"line":31},"2":{"name":"(anonymous_2)","decl":{"start":{"line":31,"column":70},"end":{"line":31,"column":71}},"loc":{"start":{"line":31,"column":85},"end":{"line":31,"column":97}},"line":31},"3":{"name":"(anonymous_3)","decl":{"start":{"line":36,"column":26},"end":{"line":36,"column":27}},"loc":{"start":{"line":36,"column":41},"end":{"line":40,"column":13}},"line":36},"4":{"name":"(anonymous_4)","decl":{"start":{"line":38,"column":40},"end":{"line":38,"column":41}},"loc":{"start":{"line":38,"column":52},"end":{"line":38,"column":73}},"line":38},"5":{"name":"(anonymous_5)","decl":{"start":{"line":43,"column":33},"end":{"line":43,"column":34}},"loc":{"start":{"line":43,"column":34},"end":{"line":43,"column":67}},"line":43}},"branchMap":{"0":{"loc":{"start":{"line":22,"column":8},"end":{"line":29,"column":null}},"type":"if","locations":[{"start":{"line":22,"column":8},"end":{"line":29,"column":null}},{"start":{},"end":{}}],"line":22},"1":{"loc":{"start":{"line":33,"column":8},"end":{"line":41,"column":null}},"type":"if","locations":[{"start":{"line":33,"column":8},"end":{"line":41,"column":null}},{"start":{},"end":{}}],"line":33},"2":{"loc":{"start":{"line":37,"column":16},"end":{"line":37,"column":null}},"type":"if","locations":[{"start":{"line":37,"column":16},"end":{"line":37,"column":null}},{"start":{},"end":{}}],"line":37},"3":{"loc":{"start":{"line":37,"column":20},"end":{"line":37,"column":45}},"type":"binary-expr","locations":[{"start":{"line":37,"column":20},"end":{"line":37,"column":37}},{"start":{"line":37,"column":37},"end":{"line":37,"column":45}}],"line":37},"4":{"loc":{"start":{"line":43,"column":16},"end":{"line":43,"column":29}},"type":"binary-expr","locations":[{"start":{"line":43,"column":16},"end":{"line":43,"column":25}},{"start":{"line":43,"column":25},"end":{"line":43,"column":29}}],"line":43}},"s":{"0":0,"1":0,"2":0,"3":0,"4":0,"5":0,"6":0,"7":0,"8":0,"9":0,"10":0,"11":0,"12":0,"13":0,"14":0,"15":0,"16":0,"17":0,"18":0},"f":{"0":0,"1":0,"2":0,"3":0,"4":0,"5":0},"b":{"0":[0,0],"1":[0,0],"2":[0,0],"3":[0,0],"4":[0,0]},"meta":{"lastBranch":5,"lastFunction":6,"lastStatement":19,"seen":{"f:11:13:11:20":0,"s:12:22:12:Infinity":0,"s:13:8:13:Infinity":1,"s:14:25:14:Infinity":2,"s:16:39:20:Infinity":3,"b:22:8:29:Infinity:undefined:undefined:undefined:undefined":0,"s:22:8:29:Infinity":4,"s:23:12:28:Infinity":5,"s:31:24:31:Infinity":6,"f:31:37:31:38":1,"s:31:52:31:64":7,"f:31:70:31:71":2,"s:31:85:31:97":8,"b:33:8:41:Infinity:undefined:undefined:undefined:undefined":1,"s:33:8:41:Infinity":9,"s:34:36:34:Infinity":10,"s:36:12:40:Infinity":11,"f:36:26:36:27":3,"b:37:16:37:Infinity:undefined:undefined:undefined:undefined":2,"s:37:16:37:Infinity":12,"b:37:20:37:37:37:37:37:45":3,"s:37:45:37:Infinity":13,"s:38:29:38:Infinity":14,"f:38:40:38:41":4,"s:38:52:38:73":15,"s:39:16:39:Infinity":16,"s:43:8:43:Infinity":17,"b:43:16:43:25:43:25:43:29":4,"f:43:33:43:34":5,"s:43:34:43:67":18}}}
,"/Users/gregfield/dev/tickup/server/mcp/tools/todo/update-todo.ts": {"path":"/Users/gregfield/dev/tickup/server/mcp/tools/todo/update-todo.ts","statementMap":{"0":{"start":{"line":27,"column":22},"end":{"line":27,"column":null}},"1":{"start":{"line":28,"column":8},"end":{"line":28,"column":null}},"2":{"start":{"line":30,"column":45},"end":{"line":30,"column":null}},"3":{"start":{"line":33,"column":8},"end":{"line":36,"column":null}},"4":{"start":{"line":34,"column":12},"end":{"line":35,"column":null}},"5":{"start":{"line":39,"column":39},"end":{"line":39,"column":null}},"6":{"start":{"line":40,"column":8},"end":{"line":42,"column":null}},"7":{"start":{"line":41,"column":13},"end":{"line":41,"column":null}},"8":{"start":{"line":44,"column":25},"end":{"line":44,"column":null}},"9":{"start":{"line":45,"column":22},"end":{"line":45,"column":null}},"10":{"start":{"line":47,"column":32},"end":{"line":47,"column":null}},"11":{"start":{"line":49,"column":8},"end":{"line":58,"column":null}},"12":{"start":{"line":50,"column":12},"end":{"line":50,"column":null}},"13":{"start":{"line":51,"column":12},"end":{"line":57,"column":null}},"14":{"start":{"line":60,"column":8},"end":{"line":67,"column":null}},"15":{"start":{"line":61,"column":12},"end":{"line":66,"column":null}},"16":{"start":{"line":69,"column":8},"end":{"line":69,"column":null}}},"fnMap":{"0":{"name":"(anonymous_0)","decl":{"start":{"line":26,"column":13},"end":{"line":26,"column":20}},"loc":{"start":{"line":26,"column":29},"end":{"line":70,"column":null}},"line":26}},"branchMap":{"0":{"loc":{"start":{"line":33,"column":8},"end":{"line":36,"column":null}},"type":"if","locations":[{"start":{"line":33,"column":8},"end":{"line":36,"column":null}},{"start":{},"end":{}}],"line":33},"1":{"loc":{"start":{"line":35,"column":16},"end":{"line":35,"column":null}},"type":"cond-expr","locations":[{"start":{"line":35,"column":53},"end":{"line":35,"column":84}},{"start":{"line":35,"column":84},"end":{"line":35,"column":null}}],"line":35},"2":{"loc":{"start":{"line":40,"column":8},"end":{"line":42,"column":null}},"type":"if","locations":[{"start":{"line":40,"column":8},"end":{"line":42,"column":null}},{"start":{},"end":{}}],"line":40},"3":{"loc":{"start":{"line":49,"column":8},"end":{"line":58,"column":null}},"type":"if","locations":[{"start":{"line":49,"column":8},"end":{"line":58,"column":null}},{"start":{},"end":{}}],"line":49},"4":{"loc":{"start":{"line":55,"column":25},"end":{"line":55,"column":null}},"type":"binary-expr","locations":[{"start":{"line":55,"column":25},"end":{"line":55,"column":81}},{"start":{"line":55,"column":81},"end":{"line":55,"column":null}}],"line":55},"5":{"loc":{"start":{"line":60,"column":8},"end":{"line":67,"column":null}},"type":"if","locations":[{"start":{"line":60,"column":8},"end":{"line":67,"column":null}},{"start":{},"end":{}}],"line":60}},"s":{"0":0,"1":0,"2":0,"3":0,"4":0,"5":0,"6":0,"7":0,"8":0,"9":0,"10":0,"11":0,"12":0,"13":0,"14":0,"15":0,"16":0},"f":{"0":0},"b":{"0":[0,0],"1":[0,0],"2":[0,0],"3":[0,0],"4":[0,0],"5":[0,0]},"meta":{"lastBranch":6,"lastFunction":1,"lastStatement":17,"seen":{"f:26:13:26:20":0,"s:27:22:27:Infinity":0,"s:28:8:28:Infinity":1,"s:30:45:30:Infinity":2,"b:33:8:36:Infinity:undefined:undefined:undefined:undefined":0,"s:33:8:36:Infinity":3,"s:34:12:35:Infinity":4,"b:35:53:35:84:35:84:35:Infinity":1,"s:39:39:39:Infinity":5,"b:40:8:42:Infinity:undefined:undefined:undefined:undefined":2,"s:40:8:42:Infinity":6,"s:41:13:41:Infinity":7,"s:44:25:44:Infinity":8,"s:45:22:45:Infinity":9,"s:47:32:47:Infinity":10,"b:49:8:58:Infinity:undefined:undefined:undefined:undefined":3,"s:49:8:58:Infinity":11,"s:50:12:50:Infinity":12,"s:51:12:57:Infinity":13,"b:55:25:55:81:55:81:55:Infinity":4,"b:60:8:67:Infinity:undefined:undefined:undefined:undefined":5,"s:60:8:67:Infinity":14,"s:61:12:66:Infinity":15,"s:69:8:69:Infinity":16}}}
,"/Users/gregfield/dev/tickup/server/mcp/utils/api.ts": {"path":"/Users/gregfield/dev/tickup/server/mcp/utils/api.ts","statementMap":{"0":{"start":{"line":6,"column":18},"end":{"line":6,"column":null}},"1":{"start":{"line":7,"column":4},"end":{"line":7,"column":null}},"2":{"start":{"line":8,"column":19},"end":{"line":8,"column":null}},"3":{"start":{"line":9,"column":20},"end":{"line":12,"column":null}},"4":{"start":{"line":13,"column":4},"end":{"line":13,"column":null}}},"fnMap":{"0":{"name":"callApi","decl":{"start":{"line":5,"column":22},"end":{"line":5,"column":43}},"loc":{"start":{"line":5,"column":91},"end":{"line":14,"column":null}},"line":5}},"branchMap":{"0":{"loc":{"start":{"line":8,"column":19},"end":{"line":8,"column":null}},"type":"binary-expr","locations":[{"start":{"line":8,"column":19},"end":{"line":8,"column":50}},{"start":{"line":8,"column":50},"end":{"line":8,"column":null}}],"line":8}},"s":{"0":0,"1":0,"2":0,"3":0,"4":0},"f":{"0":0},"b":{"0":[0,0]},"meta":{"lastBranch":1,"lastFunction":1,"lastStatement":5,"seen":{"f:5:22:5:43":0,"s:6:18:6:Infinity":0,"s:7:4:7:Infinity":1,"s:8:19:8:Infinity":2,"b:8:19:8:50:8:50:8:Infinity":0,"s:9:20:12:Infinity":3,"s:13:4:13:Infinity":4}}}
,"/Users/gregfield/dev/tickup/server/mcp/utils/auth.ts": {"path":"/Users/gregfield/dev/tickup/server/mcp/utils/auth.ts","statementMap":{"0":{"start":{"line":7,"column":23},"end":{"line":7,"column":null}},"1":{"start":{"line":8,"column":4},"end":{"line":8,"column":null}},"2":{"start":{"line":8,"column":20},"end":{"line":8,"column":null}},"3":{"start":{"line":10,"column":19},"end":{"line":10,"column":null}},"4":{"start":{"line":11,"column":4},"end":{"line":11,"column":null}},"5":{"start":{"line":11,"column":21},"end":{"line":11,"column":null}},"6":{"start":{"line":13,"column":4},"end":{"line":13,"column":null}},"7":{"start":{"line":18,"column":17},"end":{"line":18,"column":null}},"8":{"start":{"line":21,"column":4},"end":{"line":26,"column":null}},"9":{"start":{"line":22,"column":14},"end":{"line":22,"column":null}},"10":{"start":{"line":23,"column":8},"end":{"line":25,"column":null}},"11":{"start":{"line":24,"column":12},"end":{"line":24,"column":null}},"12":{"start":{"line":28,"column":4},"end":{"line":28,"column":null}},"13":{"start":{"line":28,"column":17},"end":{"line":28,"column":null}},"14":{"start":{"line":30,"column":25},"end":{"line":30,"column":null}},"15":{"start":{"line":31,"column":4},"end":{"line":34,"column":null}}},"fnMap":{"0":{"name":"mcpUserId","decl":{"start":{"line":6,"column":22},"end":{"line":6,"column":32}},"loc":{"start":{"line":6,"column":65},"end":{"line":14,"column":null}},"line":6},"1":{"name":"mcpSupabaseClient","decl":{"start":{"line":16,"column":22},"end":{"line":16,"column":40}},"loc":{"start":{"line":16,"column":81},"end":{"line":35,"column":null}},"line":16}},"branchMap":{"0":{"loc":{"start":{"line":8,"column":4},"end":{"line":8,"column":null}},"type":"if","locations":[{"start":{"line":8,"column":4},"end":{"line":8,"column":null}},{"start":{},"end":{}}],"line":8},"1":{"loc":{"start":{"line":11,"column":4},"end":{"line":11,"column":null}},"type":"if","locations":[{"start":{"line":11,"column":4},"end":{"line":11,"column":null}},{"start":{},"end":{}}],"line":11},"2":{"loc":{"start":{"line":21,"column":4},"end":{"line":26,"column":null}},"type":"if","locations":[{"start":{"line":21,"column":4},"end":{"line":26,"column":null}},{"start":{},"end":{}}],"line":21},"3":{"loc":{"start":{"line":22,"column":14},"end":{"line":22,"column":null}},"type":"binary-expr","locations":[{"start":{"line":22,"column":14},"end":{"line":22,"column":64}},{"start":{"line":22,"column":64},"end":{"line":22,"column":null}}],"line":22},"4":{"loc":{"start":{"line":23,"column":8},"end":{"line":25,"column":null}},"type":"if","locations":[{"start":{"line":23,"column":8},"end":{"line":25,"column":null}},{"start":{},"end":{}}],"line":23},"5":{"loc":{"start":{"line":28,"column":4},"end":{"line":28,"column":null}},"type":"if","locations":[{"start":{"line":28,"column":4},"end":{"line":28,"column":null}},{"start":{},"end":{}}],"line":28}},"s":{"0":0,"1":0,"2":0,"3":0,"4":0,"5":0,"6":0,"7":0,"8":0,"9":0,"10":0,"11":0,"12":0,"13":0,"14":0,"15":0},"f":{"0":0,"1":0},"b":{"0":[0,0],"1":[0,0],"2":[0,0],"3":[0,0],"4":[0,0],"5":[0,0]},"meta":{"lastBranch":6,"lastFunction":2,"lastStatement":16,"seen":{"f:6:22:6:32":0,"s:7:23:7:Infinity":0,"b:8:4:8:Infinity:undefined:undefined:undefined:undefined":0,"s:8:4:8:Infinity":1,"s:8:20:8:Infinity":2,"s:10:19:10:Infinity":3,"b:11:4:11:Infinity:undefined:undefined:undefined:undefined":1,"s:11:4:11:Infinity":4,"s:11:21:11:Infinity":5,"s:13:4:13:Infinity":6,"f:16:22:16:40":1,"s:18:17:18:Infinity":7,"b:21:4:26:Infinity:undefined:undefined:undefined:undefined":2,"s:21:4:26:Infinity":8,"s:22:14:22:Infinity":9,"b:22:14:22:64:22:64:22:Infinity":3,"b:23:8:25:Infinity:undefined:undefined:undefined:undefined":4,"s:23:8:25:Infinity":10,"s:24:12:24:Infinity":11,"b:28:4:28:Infinity:undefined:undefined:undefined:undefined":5,"s:28:4:28:Infinity":12,"s:28:17:28:Infinity":13,"s:30:25:30:Infinity":14,"s:31:4:34:Infinity":15}}}
}
